e000n10
e000n30
e000n40
e000n50
e010n10
e010n30
e010n40
e010n50
e010n60
e020n30
e020n40
e020n50
e020n60
e020s20
e020s30
e020s40
e030n00
e070s10
e110n40
e120n30
e140s10
sealevel.txt:0
w010n30
w010n40
w010n50
w010n60
w020n20
w020n60
w030n10
w030n60
w040n60
w040s10
w040s20
w050n60
w050s10
w050s20
w050s30
w060n60
w060s10
w060s20
w060s30
w060s40
w060s60
w060s70
w070n40
w070n50
w070s10
w070s20
w070s30
w070s40
w070s50
w070s60
w080n10
w080n30
w080n40
w080n50
w080n60
w080s10
w080s20
w080s30
w080s40
w080s50
w080s60
w090n20
w090n30
w090n40
w090n50
w090s10
w090s30
w100n20
w100n30
w100n40
w100n50
w100s10
w110n30
w110n40
w120n30
w120n40
w120n50
w120n60
w130n30
w130n40
w130n50
w130n60
w140n50
w140n60
