ZBAA: 204 Jetways
OMDB: 204 Jetways
LFPG: 168 Jetways
WMKK: 147 Jetways
RJAA: 142 Jetways
VHHH: 136 Jetways
EDDF: 121 Jetways
ZUCK: 110 Jetways
LEMD: 106 Jetways
ZSPD: 103 Jetways
KBOS: 100 Jetways
WIII: 95 Jetways
VIDP: 91 Jetways
ZGGG: 87 Jetways
ZHHH: 81 Jetways
VABB: 80 Jetways
ZPPP: 77 Jetways
ZSSS: 76 Jetways
ZGSZ: 76 Jetways
ZUUU: 73 Jetways
RCTP: 70 Jetways
ZSCN: 66 Jetways
YSSY: 62 Jetways
SBGL: 62 Jetways
ZSHC: 59 Jetways
CYUL: 59 Jetways
KSTL: 57 Jetways
KCLE: 57 Jetways
KSLC: 55 Jetways
ZLXY: 53 Jetways
EHAM: 53 Jetways
EBBR: 52 Jetways
VTBS: 51 Jetways
KPDX: 46 Jetways
KRDU: 45 Jetways
SBGR: 44 Jetways
KCVG: 44 Jetways
KBNA: 41 Jetways
LTBA: 39 Jetways
ZWWW: 38 Jetways
ZBTJ: 38 Jetways
EPWA: 38 Jetways
KIAD: 34 Jetways
KIND: 33 Jetways
OEMA: 32 Jetways
KSMF: 31 Jetways
FAOR: 31 Jetways
UUWW: 30 Jetways
UTAA: 30 Jetways
KHOU: 30 Jetways
ZBSJ: 29 Jetways
SBBR: 29 Jetways
ZSJN: 28 Jetways
KSJC: 28 Jetways
KPBI: 28 Jetways
YPPH: 27 Jetways
KRSW: 27 Jetways
KCMH: 27 Jetways
EIDW: 27 Jetways
RJCC: 26 Jetways
OPIS: 26 Jetways
MMUN: 26 Jetways
LEMG: 26 Jetways
KONT: 26 Jetways
ZLIC: 24 Jetways
PANC: 24 Jetways
LLBG: 24 Jetways
RJGG: 23 Jetways
OLBA: 23 Jetways
KSDF: 23 Jetways
VECC: 22 Jetways
KGSO: 22 Jetways
KDAY: 22 Jetways
KABQ: 22 Jetways
EGBB: 22 Jetways
CYOW: 22 Jetways
NZCH: 21 Jetways
ZYTL: 20 Jetways
NZAA: 20 Jetways
LFMN: 20 Jetways
KSNA: 20 Jetways
KOMA: 20 Jetways
KDAL: 20 Jetways
EDDV: 20 Jetways
WSSS: 19 Jetways
SPJC: 19 Jetways
SPIM: 19 Jetways
OEDF: 19 Jetways
LEAL: 19 Jetways
KMSP: 19 Jetways
KBHM: 19 Jetways
ZJSY: 18 Jetways
ZBYN: 18 Jetways
WADD: 18 Jetways
SCEL: 18 Jetways
ZSQD: 17 Jetways
ZGSD: 17 Jetways
PGUM: 17 Jetways
KDTW: 17 Jetways
ZSFZ: 16 Jetways
RCKH: 16 Jetways
LCLK: 16 Jetways
KTUS: 16 Jetways
ZBHH: 15 Jetways
SKRG: 15 Jetways
SBPA: 15 Jetways
KSAV: 15 Jetways
KMHT: 15 Jetways
TTPP: 14 Jetways
SBCT: 14 Jetways
OIIE: 14 Jetways
KGEG: 14 Jetways
KALB: 14 Jetways
ZSNT: 13 Jetways
ZLXN: 13 Jetways
ZBDS: 13 Jetways
KGSP: 13 Jetways
GCLP: 13 Jetways
VOHS: 12 Jetways
UBBB: 12 Jetways
SBSP: 12 Jetways
ORBI: 12 Jetways
OPKC: 12 Jetways
MKJS: 12 Jetways
KSRQ: 12 Jetways
KMYR: 12 Jetways
KMSN: 12 Jetways
KMDT: 12 Jetways
KICT: 12 Jetways
KHSV: 12 Jetways
KCHS: 12 Jetways
EVRA: 12 Jetways
CYQB: 12 Jetways
CYHZ: 12 Jetways
SBSV: 11 Jetways
SBRF: 11 Jetways
MMPR: 11 Jetways
KBOI: 11 Jetways
HEGN: 11 Jetways
FIMP: 11 Jetways
BIKF: 11 Jetways
URSS: 10 Jetways
SABE: 10 Jetways
RJFK: 10 Jetways
MMTJ: 10 Jetways
KSYR: 10 Jetways
KPNS: 10 Jetways
KMLI: 10 Jetways
KLEX: 10 Jetways
KLBB: 10 Jetways
GMMN: 10 Jetways
ZGKL: 9 Jetways
RJFM: 9 Jetways
KPHF: 9 Jetways
HAAB: 9 Jetways
EDLW: 9 Jetways
WMKP: 8 Jetways
WIMM: 8 Jetways
VOGO: 8 Jetways
VGZR: 8 Jetways
VGHS: 8 Jetways
VCBI: 8 Jetways
SBSG: 8 Jetways
SBEG: 8 Jetways
SBCF: 8 Jetways
RJSS: 8 Jetways
OBBI: 8 Jetways
MMGL: 8 Jetways
LTFE: 8 Jetways
LFBD: 8 Jetways
LDZA: 8 Jetways
KTLH: 8 Jetways
KFAY: 8 Jetways
KCAE: 8 Jetways
KBZN: 8 Jetways
GCFV: 8 Jetways
ESMS: 8 Jetways
CYXE: 8 Jetways
VTSP: 7 Jetways
VOMM: 7 Jetways
RJFT: 7 Jetways
RJCH: 7 Jetways
PHTO: 7 Jetways
OPLA: 7 Jetways
MMTO: 7 Jetways
MDPP: 7 Jetways
MDPC: 7 Jetways
KVPS: 7 Jetways
KSWF: 7 Jetways
KRAP: 7 Jetways
KMOT: 7 Jetways
KJAN: 7 Jetways
KDAB: 7 Jetways
KCRW: 7 Jetways
KBTV: 7 Jetways
KABE: 7 Jetways
CYQR: 7 Jetways
ZUYB: 6 Jetways
ZBYC: 6 Jetways
ZBLF: 6 Jetways
WBSB: 6 Jetways
WAAA: 6 Jetways
VOCL: 6 Jetways
VICG: 6 Jetways
SBBE: 6 Jetways
RJFU: 6 Jetways
PGSN: 6 Jetways
LWSK: 6 Jetways
LPFR: 6 Jetways
LICC: 6 Jetways
KPIA: 6 Jetways
KMOB: 6 Jetways
KLAN: 6 Jetways
KGRK: 6 Jetways
KFAT: 6 Jetways
KCAK: 6 Jetways
KBTR: 6 Jetways
KAMA: 6 Jetways
HKMO: 6 Jetways
GQNO: 6 Jetways
GOBD: 6 Jetways
GMFO: 6 Jetways
GCXO: 6 Jetways
GABS: 6 Jetways
FCPP: 6 Jetways
EYVI: 6 Jetways
ESNN: 6 Jetways
VLVT: 5 Jetways
TFFF: 5 Jetways
SKSM: 5 Jetways
SCTE: 5 Jetways
OSDI: 5 Jetways
LIML: 5 Jetways
LFRS: 5 Jetways
LEMH: 5 Jetways
KTOL: 5 Jetways
KROA: 5 Jetways
KMAF: 5 Jetways
KLFT: 5 Jetways
KHRL: 5 Jetways
KEUG: 5 Jetways
KCRP: 5 Jetways
KBIL: 5 Jetways
KAVL: 5 Jetways
HTDA: 5 Jetways
EDDG: 5 Jetways
CYYT: 5 Jetways
CYMM: 5 Jetways
CYLW: 5 Jetways
ZUMY: 4 Jetways
ZSTX: 4 Jetways
ZSDY: 4 Jetways
ZBUL: 4 Jetways
ZBLL: 4 Jetways
YBTL: 4 Jetways
WBKL: 4 Jetways
WAMM: 4 Jetways
VYYY: 4 Jetways
VMMC: 4 Jetways
VISR: 4 Jetways
VIAR: 4 Jetways
TNCM: 4 Jetways
SPZO: 4 Jetways
SLVR: 4 Jetways
SCIE: 4 Jetways
SBNT: 4 Jetways
SBGO: 4 Jetways
SAEZ: 4 Jetways
SACO: 4 Jetways
RPVM: 4 Jetways
RJSK: 4 Jetways
RJSF: 4 Jetways
RJNT: 4 Jetways
RJNK: 4 Jetways
RJFO: 4 Jetways
RJEC: 4 Jetways
MUVR: 4 Jetways
MRLB: 4 Jetways
MMVA: 4 Jetways
MMTG: 4 Jetways
MMSD: 4 Jetways
MMMZ: 4 Jetways
MMMD: 4 Jetways
LJLJ: 4 Jetways
LFST: 4 Jetways
LFQQ: 4 Jetways
LFBT: 4 Jetways
KTVC: 4 Jetways
KSHV: 4 Jetways
KSBN: 4 Jetways
KSBD: 4 Jetways
KMLU: 4 Jetways
KMGM: 4 Jetways
KLRD: 4 Jetways
KLNK: 4 Jetways
KJLN: 4 Jetways
KGTF: 4 Jetways
KEVV: 4 Jetways
KBIS: 4 Jetways
KAEX: 4 Jetways
GMME: 4 Jetways
GMFF: 4 Jetways
EDDN: 4 Jetways
DTTJ: 4 Jetways
DIAP: 4 Jetways
CYXU: 4 Jetways
BKPR: 4 Jetways
ZSSH: 3 Jetways
ZPDL: 3 Jetways
ZHLY: 3 Jetways
ZHES: 3 Jetways
ZGYY: 3 Jetways
ZGCD: 3 Jetways
ZBTL: 3 Jetways
ZBMZ: 3 Jetways
ZBCZ: 3 Jetways
WMKC: 3 Jetways
WITT: 3 Jetways
VTSS: 3 Jetways
VOMD: 3 Jetways
VIJU: 3 Jetways
UDYZ: 3 Jetways
SKSP: 3 Jetways
SCQP: 3 Jetways
SCCF: 3 Jetways
SBSL: 3 Jetways
SBPJ: 3 Jetways
SBLO: 3 Jetways
SAME: 3 Jetways
RPVI: 3 Jetways
RKJB: 3 Jetways
RJSI: 3 Jetways
RJCM: 3 Jetways
RJCK: 3 Jetways
RCQC: 3 Jetways
NFFN: 3 Jetways
MTPP: 3 Jetways
MMVR: 3 Jetways
MMLO: 3 Jetways
MHLM: 3 Jetways
LFMT: 3 Jetways
LEVX: 3 Jetways
KYNG: 3 Jetways
KSBA: 3 Jetways
KOKC: 3 Jetways
KOAJ: 3 Jetways
KGNV: 3 Jetways
KFSM: 3 Jetways
KERI: 3 Jetways
KCMI: 3 Jetways
KCHA: 3 Jetways
KBMI: 3 Jetways
KBFL: 3 Jetways
GCLA: 3 Jetways
FVFA: 3 Jetways
FKKR: 3 Jetways
ESPA: 3 Jetways
EPKK: 3 Jetways
EFRO: 3 Jetways
DNAS: 3 Jetways
ZUDC: 2 Jetways
ZSGZ: 2 Jetways
ZJQH: 2 Jetways
ZGHY: 2 Jetways
ZBZL: 2 Jetways
ZBZJ: 2 Jetways
ZBYZ: 2 Jetways
ZBXZ: 2 Jetways
ZBXH: 2 Jetways
ZBUH: 2 Jetways
ZBTS: 2 Jetways
ZBSH: 2 Jetways
ZBOW: 2 Jetways
ZBLA: 2 Jetways
ZBES: 2 Jetways
ZBER: 2 Jetways
ZBDH: 2 Jetways
ZBCD: 2 Jetways
WPDB: 2 Jetways
WMKA: 2 Jetways
WBGB: 2 Jetways
WAPP: 2 Jetways
WAMG: 2 Jetways
WADL: 2 Jetways
VVVD: 2 Jetways
VVPC: 2 Jetways
VVCI: 2 Jetways
VOML: 2 Jetways
VOCB: 2 Jetways
VGSY: 2 Jetways
VGEG: 2 Jetways
VEGT: 2 Jetways
VEAB: 2 Jetways
VAUD: 2 Jetways
VANP: 2 Jetways
UMKK: 2 Jetways
UCFM: 2 Jetways
TJSJ: 2 Jetways
SPQU: 2 Jetways
SOCA: 2 Jetways
SLCB: 2 Jetways
SCBA: 2 Jetways
SCAR: 2 Jetways
SAWH: 2 Jetways
SAWC: 2 Jetways
RPMY: 2 Jetways
RJTH: 2 Jetways
RJSY: 2 Jetways
RJSC: 2 Jetways
RJOH: 2 Jetways
RJNW: 2 Jetways
RJFS: 2 Jetways
RJCB: 2 Jetways
OAKB: 2 Jetways
NZDN: 2 Jetways
NWWW: 2 Jetways
MMCN: 2 Jetways
MMAA: 2 Jetways
LFRB: 2 Jetways
LFBP: 2 Jetways
KSUX: 2 Jetways
KSPS: 2 Jetways
KSBP: 2 Jetways
KSAW: 2 Jetways
KPSC: 2 Jetways
KPLN: 2 Jetways
KORH: 2 Jetways
KMKG: 2 Jetways
KLCK: 2 Jetways
KLCH: 2 Jetways
KIDA: 2 Jetways
KIAG: 2 Jetways
KHLN: 2 Jetways
KGUC: 2 Jetways
KELM: 2 Jetways
KDBQ: 2 Jetways
KCSG: 2 Jetways
KCLL: 2 Jetways
KBRO: 2 Jetways
KBPT: 2 Jetways
KBLV: 2 Jetways
KAGS: 2 Jetways
KACT: 2 Jetways
KABI: 2 Jetways
FMCZ: 2 Jetways
FBSK: 2 Jetways
ETAR: 2 Jetways
EPWR: 2 Jetways
EGNM: 2 Jetways
CYXY: 2 Jetways
ZUBD: 1 Jetways
ZSWF: 1 Jetways
ZBBB: 1 Jetways
WMKN: 1 Jetways
UKKK: 1 Jetways
SCJO: 1 Jetways
SAWE: 1 Jetways
SAVT: 1 Jetways
SAVC: 1 Jetways
SASJ: 1 Jetways
SARC: 1 Jetways
SANT: 1 Jetways
ROKJ: 1 Jetways
RJSR: 1 Jetways
RJOI: 1 Jetways
RJOC: 1 Jetways
RJKA: 1 Jetways
RJFE: 1 Jetways
RJDT: 1 Jetways
RJCN: 1 Jetways
RJAF: 1 Jetways
OITL: 1 Jetways
OIMM: 1 Jetways
OIKB: 1 Jetways
MMCU: 1 Jetways
KTRI: 1 Jetways
KSTC: 1 Jetways
KPSM: 1 Jetways
KPIH: 1 Jetways
KMFR: 1 Jetways
KHWD: 1 Jetways
KHVN: 1 Jetways
KGRI: 1 Jetways
KGLH: 1 Jetways
KGGG: 1 Jetways
KFOE: 1 Jetways
KCPR: 1 Jetways
KCKB: 1 Jetways
KCIU: 1 Jetways
KCHO: 1 Jetways
KBRD: 1 Jetways
KALO: 1 Jetways
ESUP: 1 Jetways
ESDF: 1 Jetways
EPRZ: 1 Jetways
EGAC: 1 Jetways
CYXX: 1 Jetways
