ind/crane.obj
ind/self_storage.obj
lib/airport/aircraft/airliners/heavy_d.obj
lib/airport/aircraft/airliners/heavy_e_aal.obj
lib/airport/aircraft/airliners/heavy_e_anz.obj
lib/airport/aircraft/airliners/heavy_e_baw.obj
lib/airport/aircraft/airliners/heavy_e_cpa.obj
lib/airport/aircraft/airliners/heavy_e_dal.obj
lib/airport/aircraft/airliners/heavy_e.obj
lib/airport/aircraft/airliners/heavy_e_uae.obj
lib/airport/aircraft/airliners/heavy_e_ual.obj
lib/airport/aircraft/airliners/heavy_e_vir.obj
lib/airport/aircraft/airliners/helo_a.obj
lib/airport/aircraft/airliners/jet_a.obj
lib/airport/aircraft/airliners/jet_b_afr.obj
lib/airport/aircraft/airliners/jet_b_aua.obj
lib/airport/aircraft/airliners/jet_b_bzh.obj
lib/airport/aircraft/airliners/jet_b_dal.obj
lib/airport/aircraft/airliners/jet_b.obj
lib/airport/aircraft/airliners/jet_b_rus.obj
lib/airport/aircraft/airliners/jet_b_tyr.obj
lib/airport/aircraft/airliners/jet_b_wlc.obj
lib/airport/aircraft/airliners/jet_c_aca.obj
lib/airport/aircraft/airliners/jet_c_awe.obj
lib/airport/aircraft/airliners/jet_c_aza.obj
lib/airport/aircraft/airliners/jet_c_ber.obj
lib/airport/aircraft/airliners/jet_c_dal.obj
lib/airport/aircraft/airliners/jet_c.obj
lib/airport/aircraft/airliners/jet_c_sas.obj
lib/airport/aircraft/airliners/jet_c_usa.obj
lib/airport/aircraft/airliners/turboprop_a.obj
lib/airport/aircraft/airliners/turboprop_b_lpv.obj
lib/airport/aircraft/airliners/turboprop_b.obj
lib/airport/aircraft/airliners/turboprop_c_clh.obj
lib/airport/aircraft/airliners/turboprop_c_dla.obj
lib/airport/aircraft/airliners/turboprop_c_dlh.obj
lib/airport/aircraft/airliners/turboprop_c_egf.obj
lib/airport/aircraft/airliners/turboprop_c_kis.obj
lib/airport/aircraft/airliners/turboprop_c.obj
lib/airport/aircraft/cargo/heavy_d_fdx.obj
lib/airport/aircraft/cargo/heavy_d.obj
lib/airport/aircraft/cargo/helo_a.obj
lib/airport/aircraft/cargo/jet_a.obj
lib/airport/aircraft/cargo/jet_c_cjt.obj
lib/airport/aircraft/cargo/jet_c_fdx.obj
lib/airport/aircraft/cargo/jet_c.obj
lib/airport/aircraft/cargo/turboprop_a.obj
lib/airport/aircraft/cargo/turboprop_b.obj
lib/airport/aircraft/cargo/turboprop_c_fdx.obj
lib/airport/aircraft/cargo/turboprop_c.obj
lib/airport/aircraft/general_aviation/heavy_d.obj
lib/airport/aircraft/general_aviation/helo_a_coastguard.obj
lib/airport/aircraft/general_aviation/helo_a.obj
lib/airport/aircraft/general_aviation/jet_a.obj
lib/airport/aircraft/general_aviation/turboprop_a.obj
lib/airport/aircraft/general_aviation/turboprop_b.obj
lib/airport/aircraft/military/heavy_d_aio.obj
lib/airport/aircraft/military/heavy_d.obj
lib/airport/aircraft/military/helo_a.obj
lib/airport/aircraft/military/jet_a.obj
lib/airport/aircraft/military/jet_b_aio.obj
lib/airport/aircraft/military/jet_b.obj
lib/airport/aircraft/military/prop_a.obj
lib/airport/aircraft/military/turboprop_a.obj
lib/airport/aircraft/military/turboprop_b.obj
lib/airport/balloons/balloon2.obj
lib/airport/balloons/balloon3.obj
lib/airport/balloons/balloon4.obj
lib/airport/balloons/balloon.obj
lib/airport/beacons/beacon_airport_big.obj
lib/airport/beacons/beacon_airport.obj
lib/airport/beacons/beacon_heliport.obj
lib/airport/beacons/beacon_mil.obj
lib/airport/beacons/beacon_seaport.obj
lib/airport/Classic_Airports/Facades/term1_corridor.obj
lib/airport/Classic_Airports/Facades/term2_corridor.obj
lib/airport/Classic_Airports/Facades/term3_corridor.obj
lib/airport/Common_Elements/Barriers/concrete/black_yellow_stripe_1_5m.obj
lib/airport/Common_Elements/Barriers/concrete/black_yellow_stripe_3m.obj
lib/airport/Common_Elements/Barriers/concrete/black_yellow_stripe_6m.obj
lib/airport/Common_Elements/Barriers/concrete/grey_1_5m.obj
lib/airport/Common_Elements/Barriers/concrete/grey_3m.obj
lib/airport/Common_Elements/Barriers/concrete/grey_6m.obj
lib/airport/Common_Elements/Barriers/concrete/red_1_5m.obj
lib/airport/Common_Elements/Barriers/concrete/red_3m.obj
lib/airport/Common_Elements/Barriers/concrete/red_white_6m.obj
lib/airport/Common_Elements/Barriers/concrete/red_white_stripe_1_5m.obj
lib/airport/Common_Elements/Barriers/concrete/red_white_stripe_3m.obj
lib/airport/Common_Elements/Barriers/concrete/red_white_stripe_6m.obj
lib/airport/Common_Elements/Barriers/concrete/white_1_5m.obj
lib/airport/Common_Elements/Barriers/concrete/white_3m.obj
lib/airport/Common_Elements/Barriers/concrete/white_6m.obj
lib/airport/Common_Elements/Barriers/movable_plastic/no_light_3m.obj
lib/airport/Common_Elements/Barriers/movable_plastic/no_light_pole.obj
lib/airport/Common_Elements/Barriers/movable_plastic/steady_light_3m.obj
lib/airport/Common_Elements/Barriers/movable_plastic/steady_light_pole.obj
lib/airport/Common_Elements/Barriers/movable_plastic/strobe_light_3m.obj
lib/airport/Common_Elements/Barriers/movable_plastic/strobe_light_pole.obj
lib/airport/Common_Elements/Fence_Facades/com_sec_gate1.obj
lib/airport/Common_Elements/Fence_Facades/com_sec_gate2.obj
lib/airport/Common_Elements/Fueling_Stations/fuel_station_box_white_avgas100LL.obj
lib/airport/Common_Elements/Fueling_Stations/fuel_station_box_white_jetA1.obj
lib/airport/Common_Elements/Fueling_Stations/fuel_station_control_pad.obj
lib/airport/Common_Elements/Fueling_Stations/fuel_station_ground_cable.obj
lib/airport/Common_Elements/Fueling_Stations/fuel_station_orange_avgas100LL.obj
lib/airport/Common_Elements/Fueling_Stations/fuel_station_white_avgas100LL.obj
lib/airport/Common_Elements/Fueling_Stations/fuel_station_white_avgasUL91.obj
lib/airport/Common_Elements/Markers/Cones/Red_White_Closed_1.obj
lib/airport/Common_Elements/Markers/Cones/Red_White_Closed_2.obj
lib/airport/Common_Elements/Markers/Cones/Red_White_Closed_3.obj
lib/airport/Common_Elements/Markers/Cones/Red_White_Closed_4.obj
lib/airport/Common_Elements/Markers/Cones/Red_White_Closed.obj
lib/airport/Common_Elements/Markers/Cones/Red_White_Large_1.obj
lib/airport/Common_Elements/Markers/Cones/Red_White_Large_2.obj
lib/airport/Common_Elements/Markers/Cones/Red_White_Large_3.obj
lib/airport/Common_Elements/Markers/Cones/Red_White_Large_4.obj
lib/airport/Common_Elements/Markers/Cones/Red_White_Large.obj
lib/airport/Common_Elements/Markers/Cones/Red_White_Open_1.obj
lib/airport/Common_Elements/Markers/Cones/Red_White_Open_2.obj
lib/airport/Common_Elements/Markers/Cones/Red_White_Open_3.obj
lib/airport/Common_Elements/Markers/Cones/Red_White_Open_4.obj
lib/airport/Common_Elements/Markers/Cones/Red_White_Open.obj
lib/airport/Common_Elements/Markers/Cones/Square_Black_White_1.obj
lib/airport/Common_Elements/Markers/Cones/Square_Black_White_2.obj
lib/airport/Common_Elements/Markers/Cones/Square_Black_White.obj
lib/airport/Common_Elements/Markers/Cones/Square_Red_White_1.obj
lib/airport/Common_Elements/Markers/Cones/Square_Red_White_2.obj
lib/airport/Common_Elements/Markers/Cones/Square_Red_White.obj
lib/airport/Common_Elements/Markers/Cones/Square_Yellow_Black_1.obj
lib/airport/Common_Elements/Markers/Cones/Square_Yellow_Black_2.obj
lib/airport/Common_Elements/Markers/Cones/Square_Yellow_Black.obj
lib/airport/Common_Elements/Markers/Cones/Square_Yellow.obj
lib/airport/Common_Elements/Markers/Poles/Large_Red_White.obj
lib/airport/Common_Elements/Markers/Poles/Thin.obj
lib/airport/Common_Elements/Markers/Poles/Thin_Red.obj
lib/airport/Common_Elements/Markers/Poles/Thin_Red_White.obj
lib/airport/Common_Elements/Miscellaneous/AC_Cond_noFence.obj
lib/airport/Common_Elements/Miscellaneous/AC_Ground_wFence.agp
lib/airport/Common_Elements/Miscellaneous/BBQ_Grill.obj
lib/airport/Common_Elements/Miscellaneous/com_AC_onGround.obj
lib/airport/Common_Elements/Miscellaneous/com_Fence.obj
lib/airport/Common_Elements/Miscellaneous/container_fire_extinguisher_concrete.obj
lib/airport/Common_Elements/Miscellaneous/container_fire_extinguisher_metal.obj
lib/airport/Common_Elements/Miscellaneous/Drive_Up_Keypad.obj
lib/airport/Common_Elements/Miscellaneous/Hangar_Construct.agp
lib/airport/Common_Elements/Miscellaneous/Hangar_Construct.obj
lib/airport/Common_Elements/Miscellaneous/Large_AC_on_Pad.obj
lib/airport/Common_Elements/Miscellaneous/Med_AC_on_Pad.obj
lib/airport/Common_Elements/Miscellaneous/Porta_Potty_1.obj
lib/airport/Common_Elements/Miscellaneous/Porta_Potty_2.obj
lib/airport/Common_Elements/Parking/2_CarStop.obj
lib/airport/Common_Elements/Parking/3_CarStop.obj
lib/airport/Common_Elements/Parking/4_CarStop.obj
lib/airport/Common_Elements/Parking/5_CarStop.obj
lib/airport/Common_Elements/Parking/6_CarStop.obj
lib/airport/Common_Elements/Parking/6_wHandicapL.obj
lib/airport/Common_Elements/Parking/6_wLines.obj
lib/airport/Common_Elements/Parking/7_CarStop.obj
lib/airport/Common_Elements/Parking/Asphalt_Cracks1.obj
lib/airport/Common_Elements/Parking/Asphalt_Cracks2.obj
lib/airport/Common_Elements/Parking/Asphalt_CracksLg.obj
lib/airport/Common_Elements/Parking/Asphalt_CracksSm.obj
lib/airport/Common_Elements/Parking/Grunge1_Lg.obj
lib/airport/Common_Elements/Parking/Grunge1_Med.obj
lib/airport/Common_Elements/Parking/Grunge1_Sm.obj
lib/airport/Common_Elements/Parking/Grunge1_XLg.obj
lib/airport/Common_Elements/Parking/Grunge2_Lg.obj
lib/airport/Common_Elements/Parking/Grunge2_Med.obj
lib/airport/Common_Elements/Parking/Grunge2_Sm.obj
lib/airport/Common_Elements/Parking/Grunge2_XLg.obj
lib/airport/Common_Elements/Parking/Grunge2_XXLg.obj
lib/airport/Common_Elements/Parking/Ticket_Dispense_Station.obj
lib/airport/Common_Elements/Parking/Yellow_Cap_Lg.obj
lib/airport/Common_Elements/Parking/Yellow_Cap_Sm.obj
lib/airport/Common_Elements/Parking/Yellow_Lines_1-1.obj
lib/airport/Common_Elements/Parking/Yellow_Lines_1-2.obj
lib/airport/Common_Elements/Parking/Yellow_Lines_2-1.obj
lib/airport/Common_Elements/Parking/Yellow_Lines_2-2.obj
lib/airport/Common_Elements/Parking/Yellow_Lines_4-1.obj
lib/airport/Common_Elements/Parking/Yellow_Lines_8-1.obj
lib/airport/Common_Elements/Parking/Yellow_Lines_8-2.obj
lib/airport/Common_Elements/Runway_Markers/Barrels/White_Black.obj
lib/airport/Common_Elements/Runway_Markers/Barrels/White_Red_1.obj
lib/airport/Common_Elements/Runway_Markers/Barrels/White_Red_2.obj
lib/airport/Common_Elements/Runway_Markers/Barrels/White_Red_3.obj
lib/airport/Common_Elements/Runway_Markers/Barrels/White_Red_4.obj
lib/airport/Common_Elements/Runway_Markers/Barrels/White_Red_5.obj
lib/airport/Common_Elements/Runway_Markers/Barrels/White_Red.obj
lib/airport/Common_Elements/Runway_Markers/Rectangular/Large_Yellow_1_2.obj
lib/airport/Common_Elements/Runway_Markers/Rectangular/Small_Yellow_1_2.obj
lib/airport/Common_Elements/Runway_Markers/Rectangular/White_Black_1.obj
lib/airport/Common_Elements/Runway_Markers/Rectangular/White_Black_2.obj
lib/airport/Common_Elements/Runway_Markers/Rectangular/White_Black_3.obj
lib/airport/Common_Elements/Runway_Markers/Rectangular/White_Black.obj
lib/airport/Common_Elements/Runway_Markers/Rectangular/White_Red_1.obj
lib/airport/Common_Elements/Runway_Markers/Rectangular/White_Red_2.obj
lib/airport/Common_Elements/Runway_Markers/Rectangular/White_Red_3.obj
lib/airport/Common_Elements/Runway_Markers/Rectangular/White_Red.obj
lib/airport/Common_Elements/Runway_Markers/Rectangular/Yellow_1.obj
lib/airport/Common_Elements/Runway_Markers/Rectangular/Yellow_2.obj
lib/airport/Common_Elements/Runway_Markers/Rectangular/Yellow_Black_1.obj
lib/airport/Common_Elements/Runway_Markers/Rectangular/Yellow_Black_2.obj
lib/airport/Common_Elements/Runway_Markers/Rectangular/Yellow_Black_3.obj
lib/airport/Common_Elements/Runway_Markers/Rectangular/Yellow_Black.obj
lib/airport/Common_Elements/Runway_Markers/Rectangular/Yellow.obj
lib/airport/Common_Elements/Runway_Markers/Sheet_Metal/White_Black_1.obj
lib/airport/Common_Elements/Runway_Markers/Sheet_Metal/White_Black_2.obj
lib/airport/Common_Elements/Runway_Markers/Sheet_Metal/White_Black_Bent_1.obj
lib/airport/Common_Elements/Runway_Markers/Sheet_Metal/White_Black_Bent_2.obj
lib/airport/Common_Elements/Runway_Markers/Sheet_Metal/White_Black_Bent.obj
lib/airport/Common_Elements/Runway_Markers/Sheet_Metal/White_Black.obj
lib/airport/Common_Elements/Runway_Markers/Sheet_Metal/White_Red_1.obj
lib/airport/Common_Elements/Runway_Markers/Sheet_Metal/White_Red_2.obj
lib/airport/Common_Elements/Runway_Markers/Sheet_Metal/White_Red_3.obj
lib/airport/Common_Elements/Runway_Markers/Sheet_Metal/White_Red_Bent_1.obj
lib/airport/Common_Elements/Runway_Markers/Sheet_Metal/White_Red_Bent_2.obj
lib/airport/Common_Elements/Runway_Markers/Sheet_Metal/White_Red_Bent_3.obj
lib/airport/Common_Elements/Runway_Markers/Sheet_Metal/White_Red_Bent.obj
lib/airport/Common_Elements/Runway_Markers/Sheet_Metal/White_Red.obj
lib/airport/Common_Elements/Runway_Markers/Sheet_Metal/Yellow_Black_1.obj
lib/airport/Common_Elements/Runway_Markers/Sheet_Metal/Yellow_Black_2.obj
lib/airport/Common_Elements/Runway_Markers/Sheet_Metal/Yellow_Black_3.obj
lib/airport/Common_Elements/Runway_Markers/Sheet_Metal/Yellow_Black_Bent_1.obj
lib/airport/Common_Elements/Runway_Markers/Sheet_Metal/Yellow_Black_Bent_2.obj
lib/airport/Common_Elements/Runway_Markers/Sheet_Metal/Yellow_Black_Bent_3.obj
lib/airport/Common_Elements/Runway_Markers/Sheet_Metal/Yellow_Black_Bent.obj
lib/airport/Common_Elements/Runway_Markers/Sheet_Metal/Yellow_Black.obj
lib/airport/Common_Elements/Traffic_Signs/German/no_base/caution.obj
lib/airport/Common_Elements/Traffic_Signs/German/no_base/construction_site.obj
lib/airport/Common_Elements/Traffic_Signs/German/no_base/parking.obj
lib/airport/Common_Elements/Traffic_Signs/German/no_base/priority_end.obj
lib/airport/Common_Elements/Traffic_Signs/German/no_base/priority.obj
lib/airport/Common_Elements/Traffic_Signs/German/no_base/stop.obj
lib/airport/Common_Elements/Traffic_Signs/German/no_base/straight.obj
lib/airport/Common_Elements/Traffic_Signs/German/no_base/yield.obj
lib/airport/Common_Elements/Traffic_Signs/German/with_base/caution.obj
lib/airport/Common_Elements/Traffic_Signs/German/with_base/construction_site.obj
lib/airport/Common_Elements/Traffic_Signs/German/with_base/parking.obj
lib/airport/Common_Elements/Traffic_Signs/German/with_base/stop.obj
lib/airport/Common_Elements/Traffic_Signs/German/with_base/straight.obj
lib/airport/Common_Elements/Traffic_Signs/German/with_base/yield.obj
lib/airport/Common_Elements/Vehicles/caravans/caravan_beige_10m_double.obj
lib/airport/Common_Elements/Vehicles/caravans/caravan_beige_6m.obj
lib/airport/Common_Elements/Vehicles/caravans/caravan_beige_7m.obj
lib/airport/Common_Elements/Vehicles/caravans/caravan_beige_8m_box.obj
lib/airport/Common_Elements/Vehicles/caravans/caravan_beige_8m_cover.obj
lib/airport/Common_Elements/Vehicles/caravans/caravan_beige_8m_nobox.obj
lib/airport/Common_Elements/Vehicles/caravans/caravan_beige_8m_solar.obj
lib/airport/Common_Elements/Vehicles/caravans/caravan_blue_10m_double.obj
lib/airport/Common_Elements/Vehicles/caravans/caravan_blue_6m.obj
lib/airport/Common_Elements/Vehicles/caravans/caravan_blue_7m.obj
lib/airport/Common_Elements/Vehicles/caravans/caravan_blue_8m_box.obj
lib/airport/Common_Elements/Vehicles/caravans/caravan_blue_8m_cover.obj
lib/airport/Common_Elements/Vehicles/caravans/caravan_blue_8m_damaged.obj
lib/airport/Common_Elements/Vehicles/caravans/caravan_blue_8m_flattire.obj
lib/airport/Common_Elements/Vehicles/caravans/caravan_blue_8m_nobox.obj
lib/airport/Common_Elements/Vehicles/caravans/caravan_blue_8m_solar.obj
lib/airport/Common_Elements/Vehicles/caravans/caravan_new_10m_double.obj
lib/airport/Common_Elements/Vehicles/caravans/caravan_new_6m.obj
lib/airport/Common_Elements/Vehicles/caravans/caravan_new_7m.obj
lib/airport/Common_Elements/Vehicles/caravans/caravan_new_8m_box.obj
lib/airport/Common_Elements/Vehicles/caravans/caravan_new_8m_cover.obj
lib/airport/Common_Elements/Vehicles/caravans/caravan_new_8m_nobox.obj
lib/airport/Common_Elements/Vehicles/caravans/caravan_new_8m_solar.obj
lib/airport/Common_Elements/Vehicles/forklifts/forklift_green_bags.obj
lib/airport/Common_Elements/Vehicles/forklifts/forklift_green_bags_up.obj
lib/airport/Common_Elements/Vehicles/forklifts/forklift_green_barrel.obj
lib/airport/Common_Elements/Vehicles/forklifts/forklift_green_barrel_up.obj
lib/airport/Common_Elements/Vehicles/forklifts/forklift_green.obj
lib/airport/Common_Elements/Vehicles/forklifts/forklift_green_palette.obj
lib/airport/Common_Elements/Vehicles/forklifts/forklift_green_palette_up.obj
lib/airport/Common_Elements/Vehicles/forklifts/forklift_green_up.obj
lib/airport/Common_Elements/Vehicles/forklifts/forklift_red_bags.obj
lib/airport/Common_Elements/Vehicles/forklifts/forklift_red_bags_up.obj
lib/airport/Common_Elements/Vehicles/forklifts/forklift_red_barrel.obj
lib/airport/Common_Elements/Vehicles/forklifts/forklift_red_barrel_up.obj
lib/airport/Common_Elements/Vehicles/forklifts/forklift_red.obj
lib/airport/Common_Elements/Vehicles/forklifts/forklift_red_palette.obj
lib/airport/Common_Elements/Vehicles/forklifts/forklift_red_palette_up.obj
lib/airport/Common_Elements/Vehicles/forklifts/forklift_red_up.obj
lib/airport/Common_Elements/Vehicles/forklifts/forklift_yellow_bags.obj
lib/airport/Common_Elements/Vehicles/forklifts/forklift_yellow_bags_up.obj
lib/airport/Common_Elements/Vehicles/forklifts/forklift_yellow_barrel.obj
lib/airport/Common_Elements/Vehicles/forklifts/forklift_yellow_barrel_up.obj
lib/airport/Common_Elements/Vehicles/forklifts/forklift_yellow.obj
lib/airport/Common_Elements/Vehicles/forklifts/forklift_yellow_palette.obj
lib/airport/Common_Elements/Vehicles/forklifts/forklift_yellow_palette_up.obj
lib/airport/Common_Elements/Vehicles/forklifts/forklift_yellow_up.obj
lib/airport/Common_Elements/vehicles/Fuel_Truck_Large.obj
lib/airport/Common_Elements/vehicles/Fuel_Truck_Small.obj
lib/airport/Common_Elements/Vehicles/sailplane_trailer/sailplane_trailer_10m.obj
lib/airport/Common_Elements/Vehicles/sailplane_trailer/sailplane_trailer_10m_open.obj
lib/airport/Common_Elements/Vehicles/sailplane_trailer/sailplane_trailer.obj
lib/airport/Common_Elements/Vehicles/sailplane_trailer/sailplane_trailer_old.obj
lib/airport/Common_Elements/Vehicles/sailplane_trailer/sailplane_trailer_var10.obj
lib/airport/Common_Elements/Vehicles/sailplane_trailer/sailplane_trailer_var11.obj
lib/airport/Common_Elements/Vehicles/sailplane_trailer/sailplane_trailer_var12.obj
lib/airport/Common_Elements/Vehicles/sailplane_trailer/sailplane_trailer_var13.obj
lib/airport/Common_Elements/Vehicles/sailplane_trailer/sailplane_trailer_var14.obj
lib/airport/Common_Elements/Vehicles/sailplane_trailer/sailplane_trailer_var1.obj
lib/airport/Common_Elements/Vehicles/sailplane_trailer/sailplane_trailer_var2.obj
lib/airport/Common_Elements/Vehicles/sailplane_trailer/sailplane_trailer_var3.obj
lib/airport/Common_Elements/Vehicles/sailplane_trailer/sailplane_trailer_var4.obj
lib/airport/Common_Elements/Vehicles/sailplane_trailer/sailplane_trailer_var5.obj
lib/airport/Common_Elements/Vehicles/sailplane_trailer/sailplane_trailer_var6.obj
lib/airport/Common_Elements/Vehicles/sailplane_trailer/sailplane_trailer_var7.obj
lib/airport/Common_Elements/Vehicles/sailplane_trailer/sailplane_trailer_var8.obj
lib/airport/Common_Elements/Vehicles/sailplane_trailer/sailplane_trailer_var9.obj
lib/airport/European_Airports/hangars/22m_carousel_blue.obj
lib/airport/European_Airports/hangars/22m_carousel_green.obj
lib/airport/European_Airports/hangars/22m_carousel.obj
lib/airport/European_Airports/hangars/25x20x5.obj
lib/airport/European_Airports/hangars/25x20x5_solar.obj
lib/airport/European_Airports/hangars/28x26x6_Germany.obj
lib/airport/European_Airports/hangars/28x26x6_Norway.obj
lib/airport/European_Airports/hangars/28x26x6.obj
lib/airport/European_Airports/hangars/28x26x6_Poland.obj
lib/airport/European_Airports/hangars/28x26x6_Russia.obj
lib/airport/European_Airports/hangars/28x26x6_Sweden.obj
lib/airport/European_Airports/silos/12m_green.obj
lib/airport/European_Airports/silos/12m_wood.obj
lib/airport/European_Airports/silos/16m_tan_white.obj
lib/airport/European_Airports/towers/16m.obj
lib/airport/European_Airports/towers/8m.obj
lib/airport/European_Airports/towers/Bremgarten_20m.obj
lib/airport/European_Airports/towers/Britain_8m.obj
lib/airport/European_Airports/towers/Feuerstein_16m.obj
lib/airport/European_Airports/towers/Germany_16m.obj
lib/airport/European_Airports/towers/Germany_5m.obj
lib/airport/European_Airports/towers/Germany_8m.obj
lib/airport/European_Airports/towers/Norway_16m.obj
lib/airport/European_Airports/towers/Norway_8m.obj
lib/airport/European_Airports/towers/Sweden_14m.obj
lib/airport/landscape/buoy.obj
lib/airport/landscape/radar.obj
lib/airport/landscape/windsock_lit.obj
lib/airport/landscape/windsock.obj
lib/airport/landscape/windsock_pole.obj
lib/airport/lights/slow/app_inset.obj
lib/airport/lights/slow/app_inset_rabbit.obj
lib/airport/lights/slow/app_inset_R.obj
lib/airport/lights/slow/calvert_1C_4.obj
lib/airport/lights/slow/calvert_1C_5.obj
lib/airport/lights/slow/calvert_1C.obj
lib/airport/lights/slow/calvert_2C_6.obj
lib/airport/lights/slow/calvert_2C.obj
lib/airport/lights/slow/calvert_3C_7.obj
lib/airport/lights/slow/calvert_3C_8.obj
lib/airport/lights/slow/calvert_3C.obj
lib/airport/lights/slow/calvert_5C_3R.obj
lib/airport/lights/slow/calvert_5C_4_3R.obj
lib/airport/lights/slow/calvert_5C_5.obj
lib/airport/lights/slow/calvert_5C.obj
lib/airport/lights/slow/FAA_5C_3R.obj
lib/airport/lights/slow/FAA_5C_4_3R.obj
lib/airport/lights/slow/FAA_5C_5.obj
lib/airport/lights/slow/FAA_5C_8.obj
lib/airport/lights/slow/FAA_5C.obj
lib/airport/lights/slow/FAA_5CR_3R.obj
lib/airport/lights/slow/FAA_5C_rabbit_5.obj
lib/airport/lights/slow/FAA_5C_rabbit_8.obj
lib/airport/lights/slow/FAA_5C_rabbit.obj
lib/airport/lights/slow/FAA_5R.obj
lib/airport/lights/slow/MIRL_r_inset.obj
lib/airport/lights/slow/MIRL_r.obj
lib/airport/lights/slow/MIRL_rw_inset.obj
lib/airport/lights/slow/MIRL_rw.obj
lib/airport/lights/slow/MIRL_ry_inset.obj
lib/airport/lights/slow/MIRL_ww_inset.obj
lib/airport/lights/slow/MIRL_yw_inset.obj
lib/airport/lights/slow/MIRL_yy_inset.obj
lib/airport/lights/slow/ODAL_rabbit_inset.obj
lib/airport/lights/slow/ODAL_rabbit.obj
lib/airport/lights/slow/PAPI.obj
lib/airport/lights/slow/RAIL_rabbit_inset.obj
lib/airport/lights/slow/RAIL_rabbit.obj
lib/airport/lights/slow/RCLS_rr.obj
lib/airport/lights/slow/RCLS_rw.obj
lib/airport/lights/slow/RCLS_ww.obj
lib/airport/lights/slow/REIL_strobe_omni_inset.obj
lib/airport/lights/slow/REIL_strobe_omni.obj
lib/airport/lights/slow/REIL_strobe_uni_inset.obj
lib/airport/lights/slow/REIL_strobe_uni.obj
lib/airport/lights/slow/TDZL.obj
lib/airport/lights/slow/thr_g_hi.obj
lib/airport/lights/slow/thr_g_inset.obj
lib/airport/lights/slow/thr_g.obj
lib/airport/lights/slow/thr_gr_hi.obj
lib/airport/lights/slow/thr_gr_inset.obj
lib/airport/lights/slow/thr_gr.obj
lib/airport/lights/slow/thr_r_hi.obj
lib/airport/lights/slow/thr_r_inset.obj
lib/airport/lights/slow/thr_r.obj
lib/airport/lights/slow/thr_rr_hi.obj
lib/airport/lights/slow/thr_rr_inset.obj
lib/airport/lights/slow/thr_rr.obj
lib/airport/lights/slow/VASI3.obj
lib/airport/lights/slow/VASI.obj
lib/airport/Modern_Airports/Facades/term1_corridor.obj
lib/airport/Modern_Airports/Facades/term2_corridor.obj
lib/airport/Modern_Airports/Facades/term3_corridor.obj
lib/airport/Modern_Airports/Terminal_kit/columns/column_4m_40a.obj
lib/airport/Modern_Airports/Terminal_kit/columns/column_4m_40b.obj
lib/airport/Modern_Airports/Terminal_kit/columns/column_4m_40c.obj
lib/airport/Modern_Airports/Terminal_kit/columns/column_4m_40d.obj
lib/airport/Modern_Airports/Terminal_kit/columns/column_4m_40e.obj
lib/airport/Modern_Airports/Terminal_kit/columns/column_4m_40f.obj
lib/airport/Modern_Airports/Terminal_kit/columns/column_4m_80a.obj
lib/airport/Modern_Airports/Terminal_kit/columns/column_4m_80b.obj
lib/airport/Modern_Airports/Terminal_kit/columns/column_4m_80c.obj
lib/airport/Modern_Airports/Terminal_kit/columns/column_4m_80d.obj
lib/airport/Modern_Airports/Terminal_kit/columns/column_4m_80e.obj
lib/airport/Modern_Airports/Terminal_kit/columns/column_4m_80f.obj
lib/airport/Modern_Airports/Terminal_kit/columns/column_4m_sq36a.obj
lib/airport/Modern_Airports/Terminal_kit/columns/column_4m_sq36b.obj
lib/airport/Modern_Airports/Terminal_kit/columns/column_4m_sq36c.obj
lib/airport/Modern_Airports/Terminal_kit/columns/column_4m_sq36d.obj
lib/airport/Modern_Airports/Terminal_kit/columns/column_4m_sq46e.obj
lib/airport/Modern_Airports/Terminal_kit/columns/column_4m_sq46f.obj
lib/airport/Modern_Airports/Terminal_kit/columns/column_9m_80a.obj
lib/airport/Modern_Airports/Terminal_kit/entrances/entrance_1_4m.obj
lib/airport/Modern_Airports/Terminal_kit/entrances/entrance_1_8m.obj
lib/airport/Modern_Airports/Terminal_kit/entrances/entrance_2_4m.obj
lib/airport/Modern_Airports/Terminal_kit/entrances/entrance_2_8m.obj
lib/airport/Modern_Airports/Terminal_kit/entrances/entrance_3_4m.obj
lib/airport/Modern_Airports/Terminal_kit/entrances/entrance_3_8m.obj
lib/airport/Modern_Airports/Terminal_kit/entrances/entrance_4_4m.obj
lib/airport/Modern_Airports/Terminal_kit/entrances/entrance_4_8m.obj
lib/airport/NAVAIDS/glideslope.obj
lib/airport/NAVAIDS/ILS.obj
lib/airport/NAVAIDS/Marker2.obj
lib/airport/NAVAIDS/NDB_3.obj
lib/airport/NAVAIDS/VOR.obj
lib/airport/Ramp_Equipment/Air_Start_1.obj
lib/airport/Ramp_Equipment/Air_Start_2.obj
lib/airport/Ramp_Equipment/Chocks_1.obj
lib/airport/Ramp_Equipment/Chocks_2.obj
lib/airport/Ramp_Equipment/Chocks_3.obj
lib/airport/Ramp_Equipment/Luggage_Cart_1.obj
lib/airport/Ramp_Equipment/Stair_Maint_1.obj
lib/airport/Ramp_Equipment/Tar_Marks1.obj
lib/airport/Ramp_Equipment/Towbar_1.obj
lib/airport/Ramp_Equipment/Tow_Tractor_1.obj
lib/airport/Ramp_Equipment/Tow_Tractor_2.obj
lib/airport/Ramp_Equipment/Traffic_Cone_1.obj
lib/airport/Ramp_Equipment/Traffic_Stalk_1.obj
lib/airport/Ramp_Equipment/Tug660_Dn_1.obj
lib/airport/Ramp_Equipment/Tug660_Up_1.obj
lib/airport/Vintage_Airports/Hangars/Lg_Open_Ends.agp
lib/cars/police_car.obj
lib/constructions/fencing/barriers/barrier2w_8m_01.obj
lib/constructions/fencing/barriers/barrier_8m_01.obj
lib/constructions/fencing/gates/gate_10mL_01.obj
lib/constructions/fencing/gates/gate_10mL_02.obj
lib/constructions/fencing/gates/gate_10mL_03.obj
lib/constructions/fencing/gates/gate_10mL_04.obj
lib/constructions/fencing/gates/gate_10mL_05.obj
lib/constructions/fencing/gates/gate_6mLW_01.obj
lib/constructions/fencing/gates/gate_6mLW_02.obj
lib/constructions/fencing/gates/gate_6mLW_03.obj
lib/constructions/fencing/gates/gate_6mLW_04.obj
lib/constructions/fencing/gates/gate_6mLW_05.obj
lib/constructions/fencing/gates/gate_6mLW_06.obj
lib/constructions/fencing/gates/gate_6mLW_07.obj
lib/constructions/fencing/gates/gate_6mLW_08.obj
lib/constructions/fencing/gates/gate_8mL_01.obj
lib/constructions/fencing/gates/gate_8mL_02.obj
lib/constructions/fencing/gates/gate_8mL_03.obj
lib/constructions/fencing/gates/gate_8mL_04.obj
lib/constructions/fencing/gates/gate_8mL_05.obj
lib/constructions/fencing/gates/gate_8mL_06.obj
lib/constructions/fencing/gates/gate_8mL_07.obj
lib/constructions/fencing/gates/gate_8mL_08.obj
lib/constructions/fencing/gates/gate_8mL_09.obj
lib/constructions/fencing/gates/gate_8mW_01.obj
lib/constructions/fencing/gates/gate_8mW_02.obj
lib/constructions/fencing/gates/gateColumn_01.obj
lib/constructions/fencing/gates/gateColumn_02.obj
lib/constructions/fencing/gates/gateColumn_03.obj
lib/constructions/helipads/rooftop_helipad_1.obj
lib/constructions/helipads/rooftop_helipad_2A.obj
lib/constructions/helipads/rooftop_helipad_2.obj
lib/constructions/helipads/rooftop_helipad_5.obj
lib/constructions/piers/pylon_wooden_1.obj
lib/constructions/piers/pylon_wooden_2.obj
lib/constructions/piers/pylon_wooden_3.obj
lib/constructions/piers/ramp_1_100cm.obj
lib/constructions/piers/ramp_1_140cm.obj
lib/constructions/piers/ramp_1_200cm.obj
lib/constructions/piers/ramp_1_240cm.obj
lib/constructions/piers/ramp_1_300cm.obj
lib/constructions/piers/ramp_1_340cm.obj
lib/constructions/piers/ramp_1_straight.obj
lib/constructions/piers/ramp_2_100cm.obj
lib/constructions/piers/ramp_2_140cm.obj
lib/constructions/piers/ramp_2_200cm.obj
lib/constructions/piers/ramp_2_240cm.obj
lib/constructions/piers/ramp_2_straight.obj
lib/dynamic/balloon1.obj
lib/dynamic/balloon2.obj
lib/dynamic/balloon3.obj
lib/dynamic/balloon4.obj
lib/dynamic/balloon.obj
lib/dynamic/seagull_glide.obj
lib/g10/EU/suburban/carport1_6x3.obj
lib/g10/EU/suburban/gar1_6x12.obj
lib/g10/EU/suburban/gar1_6x4.obj
lib/g10/EU/suburban/gar1_6x6.obj
lib/g10/EU/suburban/gar1_6x8.obj
lib/g10/EU/suburban/gaze1_4x4.obj
lib/g10/EU/suburban/gaze2_4x4.obj
lib/g10/EU/suburban/gshed1_3x2.obj
lib/g10/EU/suburban/hApt1_9x12.obj
lib/g10/EU/suburban/hApt1_9x16.obj
lib/g10/EU/suburban/hApt1_ter.obj
lib/g10/EU/suburban/hRes1_12x9.obj
lib/g10/EU/suburban/hRes1_9x12.obj
lib/g10/EU/suburban/hRow1_2x6.obj
lib/g10/EU/suburban/hRow1_L6.obj
lib/g10/EU/suburban/hRow1_R6.obj
lib/g10/EU/suburban/hRow1_terL6.obj
lib/g10/EU/suburban/hRow1_terR6.obj
lib/g10/EU/urban_mid/apart12a_12x16.obj
lib/g10/EU/urban_mid/apart12a_gar6x18.obj
lib/g10/EU/urban_mid/apart12b_12x16.obj
lib/g10/EU/urban_mid/apart12c_12x16.obj
lib/g10/EU/urban_mid/apart12c2_12x16.obj
lib/g10/EU/urban_mid/apart12c2_12x32.obj
lib/g10/EU/urban_mid/apart12c_gar6x18.obj
lib/g10/EU/urban_mid/apart12d_12x16.obj
lib/g10/EU/urban_mid/apart12d2_12x16.obj
lib/g10/EU/urban_mid/apart12d_gar6x18.obj
lib/g10/EU/urban_mid/apart12e_12x16.obj
lib/g10/EU/urban_mid/apart12f_12x16.obj
lib/g10/EU/urban_mid/apart12f_12x32.obj
lib/g10/EU/urban_mid/apart12g_12x16.obj
lib/g10/EU/urban_mid/apart12g2_12x16.obj
lib/g10/EU/urban_mid/apart12h_12x16.obj
lib/g10/EU/urban_mid/apart12h2_12x16.obj
lib/g10/EU/urban_mid/midBlk_12x12Ga.obj
lib/g10/EU/urban_mid/midBlk_12x12.obj
lib/g10/EU/urban_mid/midBlk_12x15Fl.obj
lib/g10/EU/urban_mid/midBlk_12x15Ga.obj
lib/g10/EU/urban_mid/midBlk_12x16Fl.obj
lib/g10/EU/urban_mid/midBlk_12x16Ga.obj
lib/g10/EU/urban_mid/midBlk_12x16.obj
lib/g10/EU/urban_mid/midBlk_12x18Fl.obj
lib/g10/EU/urban_mid/midBlk_12x18Ga.obj
lib/g10/EU/urban_mid/midBlk_12x18.obj
lib/g10/EU/urban_mid/midBlk_12x20Fl.obj
lib/g10/EU/urban_mid/midBlk_12x20Ga.obj
lib/g10/EU/urban_mid/midBlk_12x20.obj
lib/g10/EU/urban_mid/midBlk_12x24Ga.obj
lib/g10/EU/urban_mid/midBlk_12x24Ma.obj
lib/g10/EU/urban_mid/midBlk_12x24.obj
lib/g10/EU/urban_mid/midBlk_12x28Ga.obj
lib/g10/EU/urban_mid/midBlk_12x28Ma.obj
lib/g10/EU/urban_mid/midBlk_12x28.obj
lib/g10/EU/urban_mid/midBlk_12x30Ga.obj
lib/g10/EU/urban_mid/midBlk_12x30Ma.obj
lib/g10/EU/urban_mid/midBlk_12x30.obj
lib/g10/EU/urban_mid/midBlk_12x9Ga.obj
lib/g10/EU/urban_mid/midBlk_12x9.obj
lib/g10/EU/urban_mid/midBlk_Crn02R.obj
lib/g10/EU/urban_mid/midBlk_Crn04R.obj
lib/g10/EU/urban_mid/midBlk_Crn06L.obj
lib/g10/EU/urban_mid/midBlk_Crn07C.obj
lib/g10/EU/urban_mid/midBlk_Crn21L.obj
lib/g10/EU/urban_mid/midBlk_Crn22L.obj
lib/g10/EU/urban_mid/midBlk_Crn-88.obj
lib/g10/EU/urban_mid/midBlk_Crn-90.obj
lib/g10/EU/urban_mid/midBlk_Crn90.obj
lib/g10/EU/urban_mid/midBlk_Crn-92.obj
lib/g10/EU/urban_mid/outBld1-2_6x12.obj
lib/g10/EU/urban_mid/outBld1-2_6x15.obj
lib/g10/EU/urban_mid/outBld1-2_6x18.obj
lib/g10/EU/urban_mid/outBld1-2_6x9.obj
lib/g10/EU/urban_mid/outBld1-2_9x12.obj
lib/g10/EU/urban_mid/outBld1-2_9x15.obj
lib/g10/EU/urban_mid/outBld1-2_9x18.obj
lib/g10/EU/urban_mid/outBld1-2_9x9.obj
lib/g10/forests/autogen_Date_palm.obj
lib/g10/forests/autogen_Mexican_palm.obj
lib/g10/forests/autogen_palm_any_medium.obj
lib/g10/forests/autogen_palm_any.obj
lib/g10/forests/autogen_palm_any_small.obj
lib/g10/forests/autogen_palm_any_tall.obj
lib/g10/forests/Date_palm_medium.obj
lib/g10/forests/Date_palm_small.obj
lib/g10/forests/Date_palm_tall.obj
lib/g10/forests/Mexican_palm_medium.obj
lib/g10/forests/Mexican_palm_small.obj
lib/g10/forests/Mexican_palm_tall.obj
lib/g10/forests/Palms_row.obj
lib/g10/global_objects/BasketballGoal.obj
lib/g10/global_objects/LawnGrpSml1.obj
lib/g10/global_objects/LawnGrpSml.obj
lib/g10/global_objects/mailbox_US.obj
lib/g10/global_objects/newspaper_box.obj
lib/g10/global_objects/newspaper_box_X4.obj
lib/g10/global_objects/park_bench_1.obj
lib/g10/global_objects/park_RecycleBin_1.obj
lib/g10/global_objects/playgr_sandb_4x4.obj
lib/g10/global_objects/ResPoolSmall.obj
lib/g10/global_objects/rooftop_helipad_1.obj
lib/g10/global_objects/rooftop_helipad_2A.obj
lib/g10/global_objects/rooftop_helipad_2.obj
lib/g10/global_objects/rooftop_helipad_3.obj
lib/g10/global_objects/rooftop_helipad_4.obj
lib/g10/global_objects/rooftop_helipad_5.obj
lib/g10/global_objects/sidewalk_clutter.obj
lib/g10/global_objects/tennis_net.obj
lib/g10/railroads/relay_box_large.obj
lib/g10/railroads/trunking_v1.obj
lib/g10/railroads/trunking_v4.obj
lib/g10/roadsigns/level_crossing_gate_primary.obj
lib/g10/roadsigns/misc_shoulder.obj
lib/g10/roadsigns/SignBridge6LaneUrbanLHExit.obj
lib/g10/roadsigns/SignRHShoulderUrbanAdvanceExit.obj
lib/g10/roadsigns/SignRHShoulderUrbanExit.obj
lib/g10/streetlights/BridgeOverhead.obj
lib/g10/streetlights/HwyLt2BarMnt.obj
lib/g10/US/commercial/ad_billbd_14x20.obj
lib/g10/US/commercial/ad_billbd_9x13.obj
lib/g10/US/commercial/ad_sign_hobbs.obj
lib/g10/US/commercial/ad_sign_large.obj
lib/g10/US/commercial/air_water_disp.obj
lib/g10/US/commercial/antenna_100m.obj
lib/g10/US/commercial/ComRest24x32v0.obj
lib/g10/US/commercial/digi_clock1.obj
lib/g10/US/commercial/digi_clock2.obj
lib/g10/US/commercial/digi_clock3.obj
lib/g10/US/commercial/diner.obj
lib/g10/US/commercial/entrance_clearview.obj
lib/g10/US/commercial/sign_76_ball.obj
lib/g10/US/commercial/sign_76_foodmart.obj
lib/g10/US/commercial/sign_76.obj
lib/g10/US/commercial/sign_ATI.obj
lib/g10/US/commercial/sign_ATI_small.obj
lib/g10/US/commercial/sign_ATM_bank_sml.obj
lib/g10/US/commercial/sign_benzoil.obj
lib/g10/US/commercial/sign_BLT.obj
lib/g10/US/commercial/sign_GIS.obj
lib/g10/US/commercial/sign_GIS_sml.obj
lib/g10/US/commercial/sign_greade.obj
lib/g10/US/commercial/sign_HDL.obj
lib/g10/US/commercial/sign_kaulflapz.obj
lib/g10/US/commercial/sign_MSG.obj
lib/g10/US/commercial/sign_nexus.obj
lib/g10/US/commercial/sign_ozgas.obj
lib/g10/US/commercial/sign_park_24h.obj
lib/g10/US/commercial/sign_park_chevrons.obj
lib/g10/US/commercial/sign_park_neon.obj
lib/g10/US/commercial/sign_phunkinc.obj
lib/g10/US/commercial/sign_prices_benzoil.obj
lib/g10/US/commercial/sign_prices_bp.obj
lib/g10/US/commercial/sign_prices_ozgas.obj
lib/g10/US/commercial/sign_RSVP_sml.obj
lib/g10/US/commercial/sign_XPBC.obj
lib/g10/US/commercial/sign_xplane_neon.obj
lib/g10/US/commercial/store_76.obj
lib/g10/US/commercial/store_benzoil.obj
lib/g10/US/commercial/store_bp.obj
lib/g10/US/commercial/store_ozgas.obj
lib/g10/US/commercial/store_services.obj
lib/g10/US/commercial/tool_locker1.obj
lib/g10/US/commercial/tool_locker2.obj
lib/g10/US/commercial/tool_locker_benzoil.obj
lib/g10/US/industrial/light/Fact30x108A.obj
lib/g10/US/industrial/light/Fact30x108B.obj
lib/g10/US/industrial/light/FactA60x30.obj
lib/g10/US/industrial/light/FactB30x45.obj
lib/g10/US/industrial/light/FactC60x60_v0.obj
lib/g10/US/industrial/light/FactC60x60_v1.obj
lib/g10/US/industrial/light/FactCLoading.obj
lib/g10/US/industrial/light/FactCLobby.obj
lib/g10/US/industrial/light/Factory45x30.obj
lib/g10/US/industrial/light/Factory60x30.obj
lib/g10/US/industrial/light/SignDogg&Dogg.obj
lib/g10/US/industrial/light/SignLumber.obj
lib/g10/US/industrial/light/StorEnd1.obj
lib/g10/US/industrial/light/StorEnd2.obj
lib/g10/US/industrial/light/StorEnd3.obj
lib/g10/US/industrial/light/StorSml1.obj
lib/g10/US/industrial/light/StorSml1p0.obj
lib/g10/US/industrial/light/StorSml1p1.obj
lib/g10/US/industrial/light/StorSml1p2.obj
lib/g10/US/industrial/light/StorSml1p3.obj
lib/g10/US/industrial/light/StorSml2p1.obj
lib/g10/US/industrial/light/StorSml2p2.obj
lib/g10/US/industrial/light/StorSml3.obj
lib/g10/US/industrial/light/StorSml4.obj
lib/g10/US/industrial/light/StorSml5.obj
lib/g10/US/industrial/light/StorSml6.obj
lib/g10/US/industrial/light/StorSq1.obj
lib/g10/US/industrial/light/StorSq2.obj
lib/g10/US/industrial/light/StorSq3.obj
lib/g10/US/industrial/light/StorWd1p0.obj
lib/g10/US/industrial/light/StorWd1p1.obj
lib/g10/US/industrial/light/StorWd1p2.obj
lib/g10/US/industrial/light/StorWd1p3.obj
lib/g10/US/industrial/light/StorWd2.obj
lib/g10/US/industrial/light/Warehse13x30Lt.obj
lib/g10/US/industrial/light/Warehse15x30Dk.obj
lib/g10/US/industrial/light/Warehse15x30Lt.obj
lib/g10/US/industrial/light/Warehse30x30Dk.obj
lib/g10/US/industrial/light/Warehse30x30Lt.obj
lib/g10/US/industrial/light/Whs15x22.obj
lib/g10/US/industrial/light/Whs20x11.obj
lib/g10/US/industrial/light/Whs36x64L.obj
lib/g10/US/industrial/light/Whs60x108L.obj
lib/g10/US/industrial/light/Whs60x120D.obj
lib/g10/US/industrial/light/Whs60x120L.obj
lib/g10/US/industrial/light/Whs60x60L.obj
lib/g10/US/industrial/light/Whs60x60L_v0.obj
lib/g10/US/industrial/light/Whs60x90D.obj
lib/g10/US/industrial/light/Whs60x90L.obj
lib/g10/US/industrial/light/WLoadRamp_48m.obj
lib/g10/US/industrial/power/WindTbn2m5_100.obj
lib/g10/US/industrial/power/WindTbn2M5.obj
lib/g10/US/suburban/dh-RnchRHGryDk.obj
lib/g10/US/suburban/dh-RnchRHGry.obj
lib/g10/US/suburban/dL-RnchLHGry.obj
lib/g10/US/suburban/dL-RnchLHRd.obj
lib/g10/US/suburban/dL-RnchRHGry.obj
lib/g10/US/suburban/dSmlRnchGry.obj
lib/g10/US/suburban/dT-RnchLHGry.obj
lib/g10/US/suburban/dT-RnchRHGry.obj
lib/g10/US/suburban/dT-RnchRHRd.obj
lib/g10/US/suburban/dU-RnchGryNG.obj
lib/g10/US/suburban/dU-RnchLHGry.obj
lib/g10/US/suburban/dU-RnchRHGry.obj
lib/g10/US/suburban/dZ-RnchLHGry.obj
lib/g10/US/suburban/dZ-RnchLHRd.obj
lib/g10/US/suburban/dZ-RnchRHGry.obj
lib/g10/US/suburban/dZ-RnchRHRd.obj
lib/g10/US/suburban/h-RnchRHGryDk.obj
lib/g10/US/suburban/h-RnchRHGry.obj
lib/g10/US/suburban/L-RnchLHGry.obj
lib/g10/US/suburban/L-RnchLHRd.obj
lib/g10/US/suburban/L-RnchRHGry.obj
lib/g10/US/suburban/SmlRnchGry.obj
lib/g10/US/suburban/TrailerDblShrt.obj
lib/g10/US/suburban/T-RnchLHGry.obj
lib/g10/US/suburban/T-RnchRHGry.obj
lib/g10/US/suburban/T-RnchRHRd.obj
lib/g10/US/suburban/U-RnchGryNG.obj
lib/g10/US/suburban/U-RnchLHGry.obj
lib/g10/US/suburban/U-RnchRHGry.obj
lib/g10/US/suburban/Z-RnchLHGry.obj
lib/g10/US/suburban/Z-RnchLHRd.obj
lib/g10/US/suburban/Z-RnchRHGry.obj
lib/g10/US/suburban/Z-RnchRHRd.obj
lib/g10/US/urban_high/0029A0021A010.obj
lib/g10/US/urban_high/0075A0150T016.obj
lib/g10/US/urban_high/0075A0200A016.obj
lib/g10/US/urban_high/0098A0290A024.obj
lib/g10/US/urban_high/0114G0299A010.obj
lib/g10/US/urban_high/0130A0500A024.obj
lib/g10/US/urban_high/0130A0500A040.obj
lib/g10/US/urban_high/0140A0257A999.obj
lib/g10/US/urban_high/0146A0257A999.obj
lib/g10/US/urban_high/0150A0150A016.obj
lib/g10/US/urban_high/0150A0150S016.obj
lib/g10/US/urban_high/0150A0225A016.obj
lib/g10/US/urban_high/0150A0225A024.obj
lib/g10/US/urban_high/0150A0225A032.obj
lib/g10/US/urban_high/0150A0295A024.obj
lib/g10/US/urban_high/0150A0295A032.obj
lib/g10/US/urban_high/0150C0226S024.obj
lib/g10/US/urban_high/0171A0385A024.obj
lib/g10/US/urban_high/0172A0375L120.obj
lib/g10/US/urban_high/0172A0375L999.obj
lib/g10/US/urban_high/0172A0375N120.obj
lib/g10/US/urban_high/0174A0129A080.obj
lib/g10/US/urban_high/0180A0375L024.obj
lib/g10/US/urban_high/0180A0375N024.obj
lib/g10/US/urban_high/0203A0295L120.obj
lib/g10/US/urban_high/0225A0300A010.obj
lib/g10/US/urban_high/0225A0300A024.obj
lib/g10/US/urban_high/0225A0300A032.obj
lib/g10/US/urban_high/0225A0300A040.obj
lib/g10/US/urban_high/0225A0365A016.obj
lib/g10/US/urban_high/0225A0365A032.obj
lib/g10/US/urban_high/0225B0300A016.obj
lib/g10/US/urban_high/0236A0417L032.obj
lib/g10/US/urban_high/0293A0293R080.obj
lib/g10/US/urban_high/0295J0191A080.obj
lib/g10/US/urban_high/0298A0170R999.obj
lib/g10/US/urban_high/0298A0298S024.obj
lib/g10/US/urban_high/0299A0450A024.obj
lib/g10/US/urban_high/0300A0150A010.obj
lib/g10/US/urban_high/0300A0150A024.obj
lib/g10/US/urban_high/0300A0150A120.obj
lib/g10/US/urban_high/0300A0150T010.obj
lib/g10/US/urban_high/0300A0260R080.obj
lib/g10/US/urban_high/0300A0300A010.obj
lib/g10/US/urban_high/0300A0300A016.obj
lib/g10/US/urban_high/0300A0300R080.obj
lib/g10/US/urban_high/0300A0300S010.obj
lib/g10/US/urban_high/0300A0300S024.obj
lib/g10/US/urban_high/0300A0300S080.obj
lib/g10/US/urban_high/0300A0375S016.obj
lib/g10/US/urban_high/0300A0450S016.obj
lib/g10/US/urban_high/0300A0484A080.obj
lib/g10/US/urban_high/0300C0235A016.obj
lib/g10/US/urban_high/0300C0235A024.obj
lib/g10/US/urban_high/0300G0300A010.obj
lib/g10/US/urban_high/0300G0300A016.obj
lib/g10/US/urban_high/0358A0358R080.obj
lib/g10/US/urban_high/0375A0225A010.obj
lib/g10/US/urban_high/0375A0225A024.obj
lib/g10/US/urban_high/0375A0225A032.obj
lib/g10/US/urban_high/0375A0282A024.obj
lib/g10/US/urban_high/0375A0375S010.obj
lib/g10/US/urban_high/0375B0300A080.obj
lib/g10/US/urban_high/0400B0400T010.obj
lib/g10/US/urban_high/0400B0400T016.obj
lib/g10/US/urban_high/0432J0432R067.obj
lib/g10/US/urban_high/0450A0338S016.obj
lib/g10/US/urban_high/0450A0417N024.obj
lib/g10/US/urban_high/0450A0450A010.obj
lib/g10/US/urban_high/0450A0450A016.obj
lib/g10/US/urban_high/0450B0300A016.obj
lib/g10/US/urban_high/0450B0300A040.obj
lib/g10/US/urban_high/0450B0300T032.obj
lib/g10/US/urban_high/0450C0225T024.obj
lib/g10/US/urban_high/0450C0300T024.obj
lib/g10/US/urban_high/0450J0371S024.obj
lib/g10/US/urban_high/0450J0450S018.obj
lib/g10/US/urban_high/0482C1147T080.obj
lib/g10/US/urban_high/0491A0223R080.obj
lib/g10/US/urban_high/0500A0233S024.obj
lib/g10/US/urban_high/0570J0382R085.obj
lib/g10/US/urban_high/0578A0217L080.obj
lib/g10/US/urban_high/0578A0217N080.obj
lib/g10/US/urban_high/0598A0375A016.obj
lib/g10/US/urban_high/0598A0375A024.obj
lib/g10/US/urban_high/0598A0375A040.obj
lib/g10/US/urban_high/0600A0225A016.obj
lib/g10/US/urban_high/0600A0300T010.obj
lib/g10/US/urban_high/0600A0300T016.obj
lib/g10/US/urban_high/0600A0358A016.obj
lib/g10/US/urban_high/0600A0358A024.obj
lib/g10/US/urban_high/0600A0358A040.obj
lib/g10/US/urban_high/0600A0358A080.obj
lib/g10/US/urban_high/0600D0300A024.obj
lib/g10/US/urban_high/0600D0300A032.obj
lib/g10/US/urban_high/0600D0300A040.obj
lib/g10/US/urban_high/0600J0443S009.obj
lib/g10/US/urban_high/0600J0513S010.obj
lib/g10/US/urban_high/HR22_5x37_5.obj
lib/g10/US/urban_high/HR22_5x47_60.obj
lib/g10/US/urban_high/HR30x26x85.obj
lib/g10/US/urban_high/HR37_5x25Cnr.obj
lib/g10/US/urban_high/HR37x67x12v0.obj
lib/g10/US/urban_high/HR44x30.obj
lib/g10/US/urban_high/HR48x55x500Bsv0.obj
lib/g10/US/urban_high/HR52_5x30.obj
lib/g10/US/urban_high/HR60x32x122.obj
lib/g10/US/urban_high/HR60x36.obj
lib/g10/US/urban_high/HR60x50x112Bs.obj
lib/g10/US/urban_high/HR60x50x112.obj
lib/g10/US/urban_high/HR66x52x130Bs.obj
lib/g10/US/urban_high/NE_res0.obj
lib/g10/US/urban_high/NE_res11.obj
lib/g10/US/urban_high/NE_res12.obj
lib/g10/US/urban_high/NE_res13.obj
lib/g10/US/urban_high/NE_res14.obj
lib/g10/US/urban_high/NE_res15.obj
lib/g10/US/urban_high/NE_res16.obj
lib/g10/US/urban_high/NE_res18.obj
lib/g10/US/urban_high/NE_res19.obj
lib/g10/US/urban_high/NE_res1.obj
lib/g10/US/urban_high/NE_res20.obj
lib/g10/US/urban_high/NE_res21.obj
lib/g10/US/urban_high/NE_res2.obj
lib/g10/US/urban_high/NE_res3.obj
lib/g10/US/urban_high/NE_res4.obj
lib/g10/US/urban_high/NE_res5.obj
lib/g10/US/urban_high/NE_res7.obj
lib/g10/US/urban_high/NE_res8.obj
lib/g10/US/urban_high/.obj
lib/g10/US/urban_high/uh10x29v1.obj
lib/g10/US/urban_high/uh13x22_5.obj
lib/g10/US/urban_high/uh13x22_5v1.obj
lib/g10/US/urban_high/uh15x15_CNRv1.obj
lib/g10/US/urban_high/uh15x15.obj
lib/g10/US/urban_high/uh15x15v0.obj
lib/g10/US/urban_high/uh15x22_5_Lv1.obj
lib/g10/US/urban_high/uh15x22_5.obj
lib/g10/US/urban_high/uh15x22_5v3.obj
lib/g10/US/urban_high/uh17x38_5.obj
lib/g10/US/urban_high/uh17x38_5v1.obj
lib/g10/US/urban_high/uh18x18CnrP1.obj
lib/g10/US/urban_high/uh18x18CnrP2.obj
lib/g10/US/urban_high/uh18x18CnrP3.obj
lib/g10/US/urban_high/uh22_13x45.obj
lib/g10/US/urban_high/uh22_13x45v1.obj
lib/g10/US/urban_high/uh22_13x45v2.obj
lib/g10/US/urban_high/uh22_5x30_Lv2.obj
lib/g10/US/urban_high/uh22_5x30v2.obj
lib/g10/US/urban_high/uh22_5x30v3.obj
lib/g10/US/urban_high/uh22_5x30v5.obj
lib/g10/US/urban_high/uh22_5x30v9.obj
lib/g10/US/urban_high/uh30x15.obj
lib/g10/US/urban_high/uh30x15v1.obj
lib/g10/US/urban_high/uh30x15v2.obj
lib/g10/US/urban_high/uh30x15v3.obj
lib/g10/US/urban_high/uh30x15v4.obj
lib/g10/US/urban_high/uh30x24.obj
lib/g10/US/urban_high/uh30x24v1.obj
lib/g10/US/urban_high/uh30x30.obj
lib/g10/US/urban_high/uh30x30v1.obj
lib/g10/US/urban_high/uh30x30v4.obj
lib/g10/US/urban_high/uh37_5x15CnrP1.obj
lib/g10/US/urban_high/uh37_5x15CnrP2.obj
lib/g10/US/urban_high/uh37_5x22_5v1.obj
lib/g10/US/urban_high/uh37_5x22_5v2.obj
lib/g10/US/urban_high/uh37_5x22_5v3.obj
lib/g10/US/urban_high/uh37_5x22_5v4.obj
lib/g10/US/urban_high/uh37_5x22_5v5.obj
lib/g10/US/urban_high/uh37_5x30.obj
lib/g10/US/urban_high/uh37_5x30v1.obj
lib/g10/US/urban_high/uh40x20CnrP1.obj
lib/g10/US/urban_high/uh40x20CnrP2.obj
lib/g10/US/urban_high/uh40x40v1.obj
lib/g10/US/urban_high/uh40x40v3.obj
lib/g10/US/urban_high/uh45x30CnrP1.obj
lib/g10/US/urban_high/uh45x30_LHL.obj
lib/g10/US/urban_high/uh45x30_LHLv1.obj
lib/g10/US/urban_high/uh45x30_L.obj
lib/g10/US/urban_high/uh45x30_Lv1.obj
lib/g10/US/urban_high/uh45x30_Lv2.obj
lib/g10/US/urban_high/uh45x30v1.obj
lib/g10/US/urban_high/uh45x30v2.obj
lib/g10/US/urban_high/uh45x30v3.obj
lib/g10/US/urban_high/uh45x30v4.obj
lib/g10/US/urban_high/uh45x45.obj
lib/g10/US/urban_high/uh45x45v1.obj
lib/g10/US/urban_high/uh60x30.obj
lib/g10/US/urban_high/uh60x30v1.obj
lib/g10/US/urban_high/uh60x30v2.obj
lib/g10/US/urban_high/uh60x40.obj
lib/g10/US/urban_high/uh60x40v1.obj
lib/g10/US/urban_high/uh6_5x15v4.obj
lib/g10/US/urban_high/uh7_5x20.obj
lib/g10/US/urban_high/uh7_5x20v1.obj
lib/g10/US/urban_high/uh7_5x20v2.obj
lib/g10/US/urban_high/uhParking.obj
lib/g10/US/urban_high/uhParkingv1.obj
lib/g10/US/urban_mid/60sRowDarkLH.obj
lib/g10/US/urban_mid/60sRowDark.obj
lib/g10/US/urban_mid/60sRowDarkRH.obj
lib/g10/US/urban_mid/60sRowDetail.obj
lib/g10/US/urban_mid/60sRowLightLH.obj
lib/g10/US/urban_mid/60sRowLight.obj
lib/g10/US/urban_mid/60sRowLightRH.obj
lib/g10/US/urban_mid/60sRow.obj
lib/g10/US/urban_mid/Apts3_v2_p1.obj
lib/g10/US/urban_mid/Apts3_v2_p2.obj
lib/g10/US/urban_mid/Apts3_v2_p3.obj
lib/g10/US/urban_mid/Bay14LH.obj
lib/g10/US/urban_mid/Bay14RdLH.obj
lib/g10/US/urban_mid/Bay14RdRH.obj
lib/g10/US/urban_mid/Bay14RdX2.obj
lib/g10/US/urban_mid/Bay14RH.obj
lib/g10/US/urban_mid/Bay14X2.obj
lib/g10/US/urban_mid/Bay16X2.obj
lib/g10/US/urban_mid/Bay16YlRH.obj
lib/g10/US/urban_mid/Bay16YlX2.obj
lib/g10/US/urban_mid/Box16Rd1LH.obj
lib/g10/US/urban_mid/Box16Rd1RH.obj
lib/g10/US/urban_mid/Box16Rd1X2.obj
lib/g10/US/urban_mid/Box16Rd2LH.obj
lib/g10/US/urban_mid/Box16Rd2X2.obj
lib/g10/US/urban_mid/Box16RH.obj
lib/g10/US/urban_mid/Box16X2.obj
lib/g10/US/urban_mid/BoxAwnLH.obj
lib/g10/US/urban_mid/BoxAwnRH.obj
lib/g10/US/urban_mid/BoxRdLH.obj
lib/g10/US/urban_mid/BoxRdRH.obj
lib/g10/US/urban_mid/BoxRdX2End.obj
lib/g10/US/urban_mid/BoxRdX2.obj
lib/g10/US/urban_mid/BoxRH.obj
lib/g10/US/urban_mid/BoxX2.obj
lib/g10/US/urban_mid/BoxYlLH.obj
lib/g10/US/urban_mid/BoxYlX2.obj
lib/g10/US/urban_mid/Dutch.obj
lib/g10/US/urban_mid/Edw12x9.obj
lib/g10/US/urban_mid/Edw6x9.obj
lib/g10/US/urban_mid/Gge5x5.obj
lib/g10/US/urban_mid/Gge5x6.obj
lib/g10/US/urban_mid/Gge7m5x6.obj
lib/g10/US/urban_mid/Plus.obj
lib/g10/US/urban_mid/ProjBrBlock1Low.obj
lib/g10/US/urban_mid/ProjBrBlock1.obj
lib/g10/US/urban_mid/ProjRdAmenities.obj
lib/g10/US/urban_mid/ProjRdBlock1Low.obj
lib/g10/US/urban_mid/ProjRdBlock1.obj
lib/g10/US/urban_mid/ProjRdDrp10.obj
lib/g10/US/urban_mid/ProjRdDrp12.obj
lib/g10/US/urban_mid/ProjRdDrp13.obj
lib/g10/US/urban_mid/ProjRdDrp14.obj
lib/g10/US/urban_mid/ProjRdDrp19.obj
lib/g10/US/urban_mid/ProjRdDrp1.obj
lib/g10/US/urban_mid/ProjRdDrp6.obj
lib/g10/US/urban_mid/ProjRdDrp7.obj
lib/g10/US/urban_mid/ProjYlAmen1.obj
lib/g10/US/urban_mid/ProjYlAmen2.obj
lib/g10/US/urban_mid/ProjYlBlock1Low.obj
lib/g10/US/urban_mid/ProjYlBlock1.obj
lib/g10/US/urban_mid/ProjYlBlock2RH.obj
lib/g10/US/urban_mid/ProjYlDrp5.obj
lib/g10/US/urban_mid/ResEstateArch.obj
lib/g10/US/urban_mid/ResEstateSign.obj
lib/g10/US/urban_mid/Row11ALH.obj
lib/g10/US/urban_mid/Row11ARH.obj
lib/g10/US/urban_mid/Row11AX2.obj
lib/g10/US/urban_mid/Row11LH.obj
lib/g10/US/urban_mid/Row11RH.obj
lib/g10/US/urban_mid/Row11X2.obj
lib/g10/US/urban_mid/Rrd15LH.obj
lib/g10/US/urban_mid/Rrd15RH.obj
lib/g10/US/urban_mid/Rrd17X2.obj
lib/garden/furniture/GardenChair_01.obj
lib/garden/furniture/GardenChair_02.obj
lib/garden/furniture/GardenChair_03.obj
lib/garden/furniture/GardenSet_01.obj
lib/garden/furniture/GardenSet_02.obj
lib/garden/furniture/GardenSet_03.obj
lib/garden/furniture/GardenSet_04.obj
lib/garden/furniture/GardenSet_05.obj
lib/garden/furniture/GardenSet_06.obj
lib/garden/furniture/GardenSet_07.obj
lib/garden/furniture/GardenSet_08.obj
lib/garden/furniture/GardenSet_09.obj
lib/garden/furniture/GardenTable_01.obj
lib/garden/furniture/GardenTable_02.obj
lib/garden/furniture/GardenTable_03.obj
lib/garden/furniture/GardenTable_04.obj
lib/garden/furniture/GardenTable_05.obj
lib/garden/furniture/LawnGroup_Medium.obj
lib/garden/furniture/LawnGroup_Small.obj
lib/garden/furniture/Lounger_01.obj
lib/garden/furniture/Lounger_02.obj
lib/garden/furniture/Lounger_03.obj
lib/garden/furniture/Lounger_04.obj
lib/garden/furniture/Lounger_05.obj
lib/garden/furniture/Lounger_06.obj
lib/garden/furniture/Lounger_07.obj
lib/garden/furniture/Parasol_01.obj
lib/garden/furniture/Parasol_02.obj
lib/garden/furniture/Parasol_03.obj
lib/garden/furniture/Parasol_04.obj
lib/garden/furniture/Parasol_05.obj
lib/garden/furniture/Parasol_06.obj
lib/garden/furniture/Parasol_07.obj
lib/garden/furniture/Parasol.obj
lib/garden/pools/pool_Small_7x10.obj
/lib/global8/hill_irr_50_50a.obj
/lib/global8/us/feat_RadioTower_10_10_650r50.obj
/lib/global8/us/feat_Smokestacks_100_100_400r90.obj
/lib/global8/us/hill_irr_60_60f.obj
/lib/global8/us/hill_irr_90_30r.obj
/lib/global8/us/hill_sq_120_30r.obj
/lib/global8/us/hill_sq_90_30r.obj
/lib/global8/us/ind_sq_100_60r.obj
/lib/global8/us/ind_sq_200_100r.obj
/lib/global8/us/ind_sq_200_200r.obj
/lib/global8/us/in_irr_90_30r.obj
/lib/global8/us/in_sq_120_15r.obj
/lib/global8/us/park_120_60a.obj
/lib/global8/us/park_250_120a.obj
/lib/global8/us/park_500_250a.obj
/lib/global8/us/park_60_30a.obj
/lib/global8/us/park_90_30a.obj
/lib/global8/us/town_irr_120_30r.obj
/lib/global8/us/town_irr_30_30f.obj
/lib/global8/us/town_irr_30_30r.obj
/lib/global8/us/town_irr_60_60f.obj
/lib/global8/us/town_irr_90_30r.obj
/lib/global8/us/town_irr_90_40r.obj
/lib/global8/us/town_sq_120_30r.obj
/lib/global8/us/town_sq_200_200r.obj
/lib/global8/us/town_sq_30_30f.obj
/lib/global8/us/town_sq_30_30r.obj
/lib/global8/us/town_sq_60_30f.obj
/lib/global8/us/town_sq_60_30r.obj
/lib/global8/us/town_sq_60_60f.obj
/lib/global8/us/town_sq_90_30r.obj
/lib/global8/us/town_sq_90_40r.obj
lib/industrial_area/goods/barrel_01.obj
lib/industrial_area/goods/barrel_02.obj
lib/industrial_area/goods/barrel_03.obj
lib/industrial_area/goods/barrel_04.obj
lib/industrial_area/goods/barrel_05.obj
lib/industrial_area/goods/barrel_06.obj
lib/industrial_area/goods/barrel.obj
lib/industrial_area/goods/barrel_open_01.obj
lib/industrial_area/goods/barrel_open_02.obj
lib/industrial_area/goods/barrel_open_03.obj
lib/industrial_area/goods/barrel_open_04.obj
lib/industrial_area/goods/barrel_open_05.obj
lib/industrial_area/goods/barrel_open_06.obj
lib/industrial_area/goods/barrel_open.obj
lib/industrial_area/goods/barrels_4x_01.obj
lib/industrial_area/goods/barrels_4x_02.obj
lib/industrial_area/goods/barrels_4x_03.obj
lib/industrial_area/goods/barrels_4x_04.obj
lib/industrial_area/goods/barrels_4x_05.obj
lib/industrial_area/goods/barrels_4x.obj
lib/industrial_area/goods/barrels_8x_01.obj
lib/industrial_area/goods/barrels_8x_02.obj
lib/industrial_area/goods/barrels_8x_03.obj
lib/industrial_area/goods/barrels_8x_04.obj
lib/industrial_area/goods/barrels_8x_05.obj
lib/industrial_area/goods/barrels_8x.obj
lib/industrial_area/goods/goods_01_stack_4x_full.obj
lib/industrial_area/goods/goods_01_stack_4x.obj
lib/industrial_area/goods/goods_01_stack_full.obj
lib/industrial_area/goods/goods_01_stack.obj
lib/industrial_area/goods/goods_02_stack_4x_full.obj
lib/industrial_area/goods/goods_02_stack_4x.obj
lib/industrial_area/goods/goods_02_stack_full.obj
lib/industrial_area/goods/goods_02_stack.obj
lib/industrial_area/goods/goods_various.obj
lib/industrial_area/goods/lumber_4m.obj
lib/industrial_area/goods/lumber_6m.obj
lib/industrial_area/goods/lumber_rack_11m.obj
lib/industrial_area/goods/lumber_stack_4m.obj
lib/industrial_area/goods/lumber_stack_6m.obj
lib/industrial_area/goods/pallet_eu.obj
lib/industrial_area/goods/pallets_eu_stack_4x_full.obj
lib/industrial_area/goods/pallets_eu_stack_4x.obj
lib/industrial_area/goods/pallets_eu_stack_8x_full.obj
lib/industrial_area/goods/pallets_eu_stack_8x.obj
lib/industrial_area/goods/pallets_eu_stack_full.obj
lib/industrial_area/goods/pallets_eu_stack.obj
lib/industrial_area/goods/pallets_us_stack_4x_full.obj
lib/industrial_area/goods/pallets_us_stack_4x.obj
lib/industrial_area/goods/pallets_us_stack_8x_full.obj
lib/industrial_area/goods/pallets_us_stack_8x.obj
lib/industrial_area/goods/pallets_us_stack_full.obj
lib/industrial_area/goods/pallets_us_stack.obj
lib/industrial_area/goods/pallet_us.obj
lib/industrial_area/storage_tanks/oiltank_m13_1.obj
lib/industrial_area/storage_tanks/oiltank_m13_2.obj
lib/industrial_area/storage_tanks/oiltank_m13.obj
lib/industrial_area/storage_tanks/silo_260_1.obj
lib/industrial_area/storage_tanks/silo_260_2.obj
lib/industrial_area/storage_tanks/silo_260_3.obj
lib/industrial_area/storage_tanks/silo_260.obj
lib/industrial_area/storage_tanks/silo_340_1.obj
lib/industrial_area/storage_tanks/silo_340_2.obj
lib/industrial_area/storage_tanks/silo_340.obj
lib/lights/uplights/120degree_cone/100m/aqua.obj
lib/lights/uplights/120degree_cone/100m/blue.obj
lib/lights/uplights/120degree_cone/100m/gold.obj
lib/lights/uplights/120degree_cone/100m/green.obj
lib/lights/uplights/120degree_cone/100m/magenta.obj
lib/lights/uplights/120degree_cone/100m/med_white.obj
lib/lights/uplights/120degree_cone/100m/orange.obj
lib/lights/uplights/120degree_cone/100m/red.obj
lib/lights/uplights/120degree_cone/100m/turquoise.obj
lib/lights/uplights/120degree_cone/100m/white.obj
lib/lights/uplights/120degree_cone/10m/green.obj
lib/lights/uplights/120degree_cone/10m/med_white.obj
lib/lights/uplights/120degree_cone/10m/orange.obj
lib/lights/uplights/120degree_cone/10m/white.obj
lib/lights/uplights/120degree_cone/200m/aqua.obj
lib/lights/uplights/120degree_cone/200m/blue.obj
lib/lights/uplights/120degree_cone/200m/gold.obj
lib/lights/uplights/120degree_cone/200m/med_white.obj
lib/lights/uplights/120degree_cone/200m/orange.obj
lib/lights/uplights/120degree_cone/200m/red.obj
lib/lights/uplights/120degree_cone/200m/white.obj
lib/lights/uplights/120degree_cone/300m/aqua.obj
lib/lights/uplights/120degree_cone/300m/blue.obj
lib/lights/uplights/120degree_cone/300m/gold.obj
lib/lights/uplights/120degree_cone/300m/green.obj
lib/lights/uplights/120degree_cone/300m/magenta.obj
lib/lights/uplights/120degree_cone/300m/med_white.obj
lib/lights/uplights/120degree_cone/300m/orange.obj
lib/lights/uplights/120degree_cone/300m/red.obj
lib/lights/uplights/120degree_cone/300m/white.obj
lib/lights/uplights/60degree_cone/100m/aqua.obj
lib/lights/uplights/60degree_cone/100m/blue.obj
lib/lights/uplights/60degree_cone/100m/med_white.obj
lib/lights/uplights/60degree_cone/100m/red.obj
lib/lights/uplights/60degree_cone/100m/white.obj
lib/lights/uplights/60degree_cone/10m/med_white.obj
lib/lights/uplights/60degree_cone/10m/white.obj
lib/lights/uplights/60degree_cone/200m/blue.obj
lib/lights/uplights/60degree_cone/200m/med_white.obj
lib/lights/uplights/60degree_cone/200m/orange.obj
lib/lights/uplights/60degree_cone/200m/turquoise.obj
lib/lights/uplights/60degree_cone/200m/white.obj
lib/lights/uplights/60degree_cone/300m/gold.obj
lib/lights/uplights/60degree_cone/300m/magenta.obj
lib/lights/uplights/60degree_cone/300m/med_white.obj
lib/lights/uplights/60degree_cone/300m/orange.obj
lib/lights/uplights/60degree_cone/300m/turquoise.obj
lib/lights/uplights/60degree_cone/300m/white.obj
lib/public_area/playground/sandbox_4x4.obj
lib/public_area/playground/swingSet_01.obj
lib/public_area/playground/swingSet_02.obj
lib/public_area/playground/swingSet.obj
lib/public_area/sports/basketball_hoop_01.obj
lib/public_area/sports/basketball_hoop_02.obj
lib/public_area/sports/basketball_hoop.obj
lib/public_area/sports/tennis_net.obj
lib/roads/RailBufStop.obj
lib/ships/Carrier.obj
lib/ships/Frigate.obj
lib/ships/Nimitz.obj
lib/ships/Perry.obj
lib/ships/powered/0_to_5mt/Dinghy_360_01.obj
lib/ships/powered/0_to_5mt/Dinghy_360_02.obj
lib/ships/powered/0_to_5mt/Dinghy_360_03.obj
lib/ships/powered/0_to_5mt/Dinghy_360_any.obj
lib/ships/powered/0_to_5mt/Dinghy_400_01.obj
lib/ships/powered/0_to_5mt/Dinghy_400_02.obj
lib/ships/powered/0_to_5mt/Dinghy_400_03.obj
lib/ships/powered/0_to_5mt/Dinghy_400_any.obj
lib/ships/powered/0_to_5mt/Dinghy_470_01.obj
lib/ships/powered/0_to_5mt/Dinghy_470_02.obj
lib/ships/powered/0_to_5mt/Dinghy_470_03.obj
lib/ships/powered/0_to_5mt/Dinghy_470_any.obj
lib/ships/powered/5_to_10mt/Runabout_750_01.obj
lib/ships/powered/5_to_10mt/Runabout_750_02.obj
lib/ships/powered/5_to_10mt/Runabout_750_03.obj
lib/ships/powered/5_to_10mt/Runabout_750_any.obj
lib/ships/powered/5_to_10mt/Whaler_470_01.obj
lib/ships/powered/5_to_10mt/Whaler_470_02.obj
lib/ships/powered/5_to_10mt/Whaler_470_03.obj
lib/ships/powered/5_to_10mt/Whaler_470_any.obj
lib/ships/powered/5_to_10mt/Whaler_518_01.obj
lib/ships/powered/5_to_10mt/Whaler_518_02.obj
lib/ships/powered/5_to_10mt/Whaler_518_03.obj
lib/ships/powered/5_to_10mt/Whaler_518_any.obj
lib/ships/powered/5_to_10mt/Whaler_650_01.obj
lib/ships/powered/5_to_10mt/Whaler_650_02.obj
lib/ships/powered/5_to_10mt/Whaler_650_03.obj
lib/ships/powered/5_to_10mt/Whaler_650_any.obj
lib/ships/powered/over_10mt/Cruiser_1200_01.obj
lib/ships/powered/over_10mt/Cruiser_1200_any.obj
lib/ships/powered/over_10mt/Cruiser_1900_01.obj
lib/ships/powered/over_10mt/Cruiser_1900_any.obj
lib/ships/sail/0_to_5mt/Sail_490_01.obj
lib/ships/sail/0_to_5mt/Sail_490_02.obj
lib/ships/sail/0_to_5mt/Sail_490_03.obj
lib/ships/sail/0_to_5mt/Sail_490_04.obj
lib/ships/sail/0_to_5mt/Sail_490_05.obj
lib/ships/sail/0_to_5mt/Sail_490_06.obj
lib/ships/sail/0_to_5mt/Sail_490_any.obj
lib/ships/sail/over_10mt/Sail_1000_01.obj
lib/ships/sail/over_10mt/Sail_1000_02.obj
lib/ships/sail/over_10mt/Sail_1000_03.obj
lib/ships/sail/over_10mt/Sail_1000_04.obj
lib/ships/sail/over_10mt/Sail_1000_05.obj
lib/ships/sail/over_10mt/Sail_1000_any.obj
lib/ships/sail/over_10mt/Sail_1500_01.obj
lib/ships/sail/over_10mt/Sail_1500_02.obj
lib/ships/sail/over_10mt/Sail_1500_03.obj
lib/ships/sail/over_10mt/Sail_1500_04.obj
lib/ships/sail/over_10mt/Sail_1500_any.obj
lib/ships/sail/school/Sail_490_07.obj
lib/ships/sail/school/Sail_490_08.obj
lib/ships/sail/school/Sail_490_09.obj
lib/ships/sail/school/Sail_490_10.obj
lib/ships/sail/school/Sail_490_11.obj
lib/ships/sail/school/Sail_490_12.obj
lib/ships/sail/school/Sail_490_13.obj
lib/ships/sail/school/Sail_490_14.obj
lib/ships/sail/school/Sail_490_15.obj
lib/ships/sail/school/Sail_490_any.obj
lib/street/furniture/CafeTables_1x2_01.obj
lib/street/furniture/CafeTables_1x2_02.obj
lib/street/furniture/CafeTables_1x2.obj
lib/street/furniture/CafeTables_2x2_01.obj
lib/street/furniture/CafeTables_2x2_02.obj
lib/street/furniture/CafeTables_2x2.obj
lib/street/furniture/CafeTables_4x2_01.obj
lib/street/furniture/CafeTables_4x2_02.obj
lib/street/furniture/CafeTables_4x2_03.obj
lib/street/furniture/CafeTables_4x2.obj
lib/street/furniture/Park_bench_01.obj
lib/street/furniture/Rubbish_bin_01.obj
lib/street/furniture/Rubbish_bin_02.obj
lib/street/furniture/Rubbish_bin_03.obj
lib/street/furniture/Rubbish_bin_04.obj
lib/street/furniture/Rubbish_bin_05.obj
lib/street/furniture/Rubbish_bin_06.obj
lib/street/furniture/Rubbish_bin.obj
lib/street/streetlights/AreaFlood_HighMast.obj
lib/street/streetlights/AreaFlood_Large.obj
lib/street/streetlights/AreaFlood_Medium.obj
lib/street/streetlights/AreaFlood_Short.obj
lib/street/streetlights/AreaFlood_Small.obj
lib/street/streetlights/BridgeOverhead.obj
lib/street/streetlights/HighwayLight_01.obj
lib/street/streetlights/HighwayLight_02.obj
lib/street/streetlights/HighwayRampLight_01.obj
lib/street/streetlights/HighwayRampLight_02.obj
lib/street/streetlights/ParkingLot_01.obj
lib/street/streetlights/PrimaryLight_01.obj
lib/street/streetlights/ResidentialLight_01V1.obj
lib/street/streetlights/ResidentialLight_01V2.obj
lib/street/streetlights/ResidentialLight_02_dim.obj
lib/street/streetlights/ResidentialLight_02.obj
lib/street/streetlights/ResidentialLight_03.obj
lib/street/streetlights/ResidentialLight_04.obj
lib/street/various/mailbox_US_1.obj
lib/street/various/mailbox_US_2.obj
lib/street/various/mailbox_US.obj
lib/street/various/newspaper_box.obj
lib/street/various/newspaper_box_x4.obj
lib/street/various/porta_potty_1.obj
lib/street/various/porta_potty_2.obj
lib/street/various/porta_potty.obj
lib/street/various/sidewalk_clutter.obj
lib/street/various/vending_machine_01.obj
lib/street/various/vending_machine_02.obj
lib/street/various/vending_machine_03.obj
lib/street/various/vending_machine_04.obj
lib/street/various/vending_machine_05.obj
lib/street/various/vending_machine.obj
lib/street/various/vending_machine_x2.obj
lib/street/waste_management/Container_1100L_1.obj
lib/street/waste_management/Container_1100L_2.obj
lib/street/waste_management/Container_1100L_3.obj
lib/street/waste_management/Container_1100L_4.obj
lib/street/waste_management/Container_1100L_5.obj
lib/street/waste_management/Container_1100L.obj
lib/street/waste_management/Container_1100L_x2.obj
lib/street/waste_management/Container_1100L_x4.obj
lib/street/waste_management/Container_2-6Y_random.obj
lib/street/waste_management/Container_2Y_1.obj
lib/street/waste_management/Container_2Y_2.obj
lib/street/waste_management/Container_2Y.obj
lib/street/waste_management/Container_4Y_1.obj
lib/street/waste_management/Container_4Y_2.obj
lib/street/waste_management/Container_4Y.obj
lib/street/waste_management/Container_6Y_1.obj
lib/street/waste_management/Container_6Y_2.obj
lib/street/waste_management/Container_6Y.obj
lib/street/waste_management/Dumpster_30Y_empty_1.obj
lib/street/waste_management/Dumpster_30Y_empty_2.obj
lib/street/waste_management/Dumpster_30Y_empty_3.obj
lib/street/waste_management/Dumpster_30Y_empty_4.obj
lib/street/waste_management/Dumpster_30Y_empty.obj
lib/street/waste_management/Dumpster_30Y_full_1.obj
lib/street/waste_management/Dumpster_30Y_full_2.obj
lib/street/waste_management/Dumpster_30Y_full_3.obj
lib/street/waste_management/Dumpster_30Y_full_4.obj
lib/street/waste_management/Dumpster_30Y_full.obj
lib/street/waste_management/Dumpster_30Y_random.obj
lib/street/waste_management/Dumpster_m10_empty_1.obj
lib/street/waste_management/Dumpster_m10_empty_2.obj
lib/street/waste_management/Dumpster_m10_empty.obj
lib/street/waste_management/Dumpster_m10_full_1.obj
lib/street/waste_management/Dumpster_m10_full_2.obj
lib/street/waste_management/Dumpster_m10_full.obj
lib/street/waste_management/Dumpster_m4_empty_1.obj
lib/street/waste_management/Dumpster_m4_empty_2.obj
lib/street/waste_management/Dumpster_m4_empty.obj
lib/street/waste_management/Dumpster_m4_full_1.obj
lib/street/waste_management/Dumpster_m4_full_2.obj
lib/street/waste_management/Dumpster_m4_full.obj
lib/street/waste_management/Dumpster_m8_1.obj
lib/street/waste_management/Dumpster_m8_2.obj
lib/street/waste_management/Dumpster_m8.obj
lib/street/waste_management/TrashCan_32g_01.obj
lib/street/waste_management/TrashCan_32g_02.obj
lib/street/waste_management/TrashCan_32g_03.obj
lib/street/waste_management/TrashCan_32g_04.obj
lib/street/waste_management/TrashCan_32g_05.obj
lib/street/waste_management/TrashCan_32g_06.obj
lib/street/waste_management/TrashCan_32g_07.obj
lib/street/waste_management/TrashCan_32g_08.obj
lib/street/waste_management/TrashCan_32g_09.obj
lib/street/waste_management/TrashCan_32g.obj
lib/street/waste_management/TrashCan_48g_01.obj
lib/street/waste_management/TrashCan_48g_02.obj
lib/street/waste_management/TrashCan_48g_03.obj
lib/street/waste_management/TrashCan_48g.obj
lib/street/waste_management/TrashCan_random.obj
lib/trains/F_13.33_tanker.obj
lib/trains/F_head.obj
lib/trains/F_tail.obj
lib/trains/HS_tail.obj
lib/trains/IC_body.obj
lib/trains/IC_head.obj
lib/trains/IC_powr.obj
lib/trains/IC_tail.obj
lib/trains/R_body.obj
lib/trains/R_tail.obj
